<!DOCTYPE html>
<html>
<head>
<meta http-equiv="Content-Type" content="text/html; charset=utf-8"/>
<meta http-equiv="x-ua-compatible" content="IE=edge"/>
<title>Test results - UserServiceImplTest</title>
<link href="../css/base-style.css" rel="stylesheet" type="text/css"/>
<link href="../css/style.css" rel="stylesheet" type="text/css"/>
<script src="../js/report.js" type="text/javascript"></script>
</head>
<body>
<div id="content">
<h1>UserServiceImplTest</h1>
<div class="breadcrumbs">
<a href="../index.html">all</a> &gt; 
<a href="../packages/com.example.flowerplatform.integrationTest.html">com.example.flowerplatform.integrationTest</a> &gt; UserServiceImplTest</div>
<div id="summary">
<table>
<tr>
<td>
<div class="summaryGroup">
<table>
<tr>
<td>
<div class="infoBox" id="tests">
<div class="counter">4</div>
<p>tests</p>
</div>
</td>
<td>
<div class="infoBox" id="failures">
<div class="counter">0</div>
<p>failures</p>
</div>
</td>
<td>
<div class="infoBox" id="ignored">
<div class="counter">0</div>
<p>ignored</p>
</div>
</td>
<td>
<div class="infoBox" id="duration">
<div class="counter">0.062s</div>
<p>duration</p>
</div>
</td>
</tr>
</table>
</div>
</td>
<td>
<div class="infoBox success" id="successRate">
<div class="percent">100%</div>
<p>successful</p>
</div>
</td>
</tr>
</table>
</div>
<div id="tabs">
<ul class="tabLinks">
<li>
<a href="#tab0">Tests</a>
</li>
<li>
<a href="#tab1">Standard output</a>
</li>
</ul>
<div id="tab0" class="tab">
<h2>Tests</h2>
<table>
<thead>
<tr>
<th>Test</th>
<th>Duration</th>
<th>Result</th>
</tr>
</thead>
<tr>
<td class="success">saveDuplicateUserTest()</td>
<td class="success">0.025s</td>
<td class="success">passed</td>
</tr>
<tr>
<td class="success">saveExternalUserTest()</td>
<td class="success">0.009s</td>
<td class="success">passed</td>
</tr>
<tr>
<td class="success">saveExternalUserWithInternalProviderTest()</td>
<td class="success">0.008s</td>
<td class="success">passed</td>
</tr>
<tr>
<td class="success">saveMultipleExternalUsers()</td>
<td class="success">0.020s</td>
<td class="success">passed</td>
</tr>
</table>
</div>
<div id="tab1" class="tab">
<h2>Standard output</h2>
<span class="code">
<pre>2023-03-18T13:52:51.074+09:00 DEBUG 85348 --- [    Test worker] .b.t.c.SpringBootTestContextBootstrapper : Neither @ContextConfiguration nor @ContextHierarchy found for test class [UserServiceImplTest]: using SpringBootContextLoader
2023-03-18T13:52:51.075+09:00 DEBUG 85348 --- [    Test worker] o.s.t.c.support.AbstractContextLoader    : Could not detect default resource locations for test class [com.example.flowerplatform.integrationTest.UserServiceImplTest]: no resource found for suffixes {-context.xml, Context.groovy}.
2023-03-18T13:52:51.075+09:00  INFO 85348 --- [    Test worker] t.c.s.AnnotationConfigContextLoaderUtils : Could not detect default configuration classes for test class [com.example.flowerplatform.integrationTest.UserServiceImplTest]: UserServiceImplTest does not declare any static, non-private, non-final, nested classes annotated with @Configuration.
2023-03-18T13:52:51.076+09:00 DEBUG 85348 --- [    Test worker] .b.t.c.SpringBootTestContextBootstrapper : Using ContextCustomizers for test class [UserServiceImplTest]: [DisableObservabilityContextCustomizer, PropertyMappingContextCustomizer, Customizer, ExcludeFilterContextCustomizer, DuplicateJsonObjectContextCustomizer, MockitoContextCustomizer, TestRestTemplateContextCustomizer]
2023-03-18T13:52:51.076+09:00  INFO 85348 --- [    Test worker] .b.t.c.SpringBootTestContextBootstrapper : Found @SpringBootConfiguration com.example.flowerplatform.FlowerPlatformApplication for test class com.example.flowerplatform.integrationTest.UserServiceImplTest
2023-03-18T13:52:51.078+09:00 DEBUG 85348 --- [    Test worker] .b.t.c.SpringBootTestContextBootstrapper : Using TestExecutionListeners for test class [UserServiceImplTest]: [ServletTestExecutionListener, DirtiesContextBeforeModesTestExecutionListener, ApplicationEventsTestExecutionListener, MockitoTestExecutionListener, DependencyInjectionTestExecutionListener, DirtiesContextTestExecutionListener, TransactionalTestExecutionListener, SqlScriptsTestExecutionListener, WithSecurityContextTestExecutionListener, EventPublishingTestExecutionListener, ReactorContextTestExecutionListener, RestDocsTestExecutionListener, MockRestServiceServerResetTestExecutionListener, MockMvcPrintOnlyOnFailureTestExecutionListener, WebDriverTestExecutionListener, MockWebServiceServerTestExecutionListener, ResetMocksTestExecutionListener]
2023-03-18T13:52:51.078+09:00 DEBUG 85348 --- [    Test worker] tractDirtiesContextTestExecutionListener : Before test class: class [UserServiceImplTest], class annotated with @DirtiesContext [false] with mode [null]
2023-03-18T13:52:51.079+09:00 DEBUG 85348 --- [    Test worker] org.springframework.test.context.cache   : Spring test ApplicationContext cache statistics: [DefaultContextCache@5623fd90 size = 2, maxSize = 32, parentContextCount = 0, hitCount = 98, missCount = 2]
2023-03-18T13:52:51.079+09:00 DEBUG 85348 --- [    Test worker] org.springframework.test.context.cache   : Spring test ApplicationContext cache statistics: [DefaultContextCache@5623fd90 size = 2, maxSize = 32, parentContextCount = 0, hitCount = 99, missCount = 2]
2023-03-18T13:52:51.079+09:00 DEBUG 85348 --- [    Test worker] o.s.t.c.w.ServletTestExecutionListener   : Setting up MockHttpServletRequest, MockHttpServletResponse, ServletWebRequest, and RequestContextHolder for test class com.example.flowerplatform.integrationTest.UserServiceImplTest
2023-03-18T13:52:51.079+09:00 DEBUG 85348 --- [    Test worker] DependencyInjectionTestExecutionListener : Performing dependency injection for test class com.example.flowerplatform.integrationTest.UserServiceImplTest
2023-03-18T13:52:51.079+09:00 DEBUG 85348 --- [    Test worker] org.springframework.test.context.cache   : Spring test ApplicationContext cache statistics: [DefaultContextCache@5623fd90 size = 2, maxSize = 32, parentContextCount = 0, hitCount = 100, missCount = 2]
2023-03-18T13:52:51.080+09:00 DEBUG 85348 --- [    Test worker] org.springframework.test.context.cache   : Spring test ApplicationContext cache statistics: [DefaultContextCache@5623fd90 size = 2, maxSize = 32, parentContextCount = 0, hitCount = 101, missCount = 2]
2023-03-18T13:52:51.081+09:00 DEBUG 85348 --- [    Test worker] tractDirtiesContextTestExecutionListener : Before test method: class [UserServiceImplTest], method [saveMultipleExternalUsers], class annotated with @DirtiesContext [false] with mode [null], method annotated with @DirtiesContext [false] with mode [null]
2023-03-18T13:52:51.081+09:00 DEBUG 85348 --- [    Test worker] org.springframework.test.context.cache   : Spring test ApplicationContext cache statistics: [DefaultContextCache@5623fd90 size = 2, maxSize = 32, parentContextCount = 0, hitCount = 102, missCount = 2]
2023-03-18T13:52:51.082+09:00 DEBUG 85348 --- [    Test worker] org.springframework.test.context.cache   : Spring test ApplicationContext cache statistics: [DefaultContextCache@5623fd90 size = 2, maxSize = 32, parentContextCount = 0, hitCount = 103, missCount = 2]
2023-03-18T13:52:51.083+09:00 DEBUG 85348 --- [    Test worker] o.s.orm.jpa.JpaTransactionManager        : Creating new transaction with name [org.springframework.data.jpa.repository.support.SimpleJpaRepository.deleteAll]: PROPAGATION_REQUIRED,ISOLATION_DEFAULT
2023-03-18T13:52:51.083+09:00 DEBUG 85348 --- [    Test worker] o.s.orm.jpa.JpaTransactionManager        : Opened new EntityManager [SessionImpl(1337900430&lt;open&gt;)] for JPA transaction
2023-03-18T13:52:51.083+09:00 DEBUG 85348 --- [    Test worker] o.h.e.t.internal.TransactionImpl         : On TransactionImpl creation, JpaCompliance#isJpaTransactionComplianceEnabled == false
2023-03-18T13:52:51.083+09:00 DEBUG 85348 --- [    Test worker] o.h.e.t.internal.TransactionImpl         : begin
2023-03-18T13:52:51.083+09:00 DEBUG 85348 --- [    Test worker] o.s.orm.jpa.JpaTransactionManager        : Exposing JPA transaction as JDBC [org.springframework.orm.jpa.vendor.HibernateJpaDialect$HibernateConnectionHandle@7e02331]
2023-03-18T13:52:51.083+09:00 DEBUG 85348 --- [    Test worker] org.hibernate.orm.sql.ast.create         : Created new SQL alias : a1_0
2023-03-18T13:52:51.083+09:00 DEBUG 85348 --- [    Test worker] org.hibernate.orm.sql.ast.create         : Registration of TableGroup [StandardTableGroup(com.example.flowerplatform.repository.entity.AppUser.AppUser(5302798860583))] with identifierForTableGroup [com.example.flowerplatform.repository.entity.AppUser.AppUser] for NavigablePath [com.example.flowerplatform.repository.entity.AppUser.AppUser] 
2023-03-18T13:52:51.083+09:00 DEBUG 85348 --- [    Test worker] org.hibernate.orm.results.graph.AST      : DomainResult Graph:
 \-EntityResultImpl [com.example.flowerplatform.repository.entity.AppUser.AppUser(5302798860583)]
 |  +-BasicFetch [com.example.flowerplatform.repository.entity.AppUser.AppUser(5302798860583).authenticationProvider]
 |  +-BasicFetch [com.example.flowerplatform.repository.entity.AppUser.AppUser(5302798860583).email]
 |  +-BasicFetch [com.example.flowerplatform.repository.entity.AppUser.AppUser(5302798860583).password]
 |  +-BasicFetch [com.example.flowerplatform.repository.entity.AppUser.AppUser(5302798860583).registrationId]
 |  \-BasicFetch [com.example.flowerplatform.repository.entity.AppUser.AppUser(5302798860583).role]

2023-03-18T13:52:51.083+09:00 DEBUG 85348 --- [    Test worker] org.hibernate.orm.sql.ast.tree           : SQL AST Tree:
    SelectStatement {
      FromClause {
        StandardTableGroup (a1 : com.example.flowerplatform.repository.entity.AppUser.AppUser(5302798860583)) {
          primaryTableReference : users as a1_0
        }
      }
    }

2023-03-18T13:52:51.084+09:00 DEBUG 85348 --- [    Test worker] org.hibernate.orm.sql.exec               : Skipping reading Query result cache data: cache-enabled = false, cache-mode = NORMAL
2023-03-18T13:52:51.084+09:00 DEBUG 85348 --- [    Test worker] org.hibernate.orm.results                : Initializer list
2023-03-18T13:52:51.084+09:00 DEBUG 85348 --- [    Test worker] org.hibernate.orm.results                :     com.example.flowerplatform.repository.entity.AppUser.AppUser(5302798860583) -&gt; EntityResultInitializer(com.example.flowerplatform.repository.entity.AppUser.AppUser(5302798860583))@853482026 (SingleTableEntityPersister(com.example.flowerplatform.repository.entity.AppUser.AppUser))
2023-03-18T13:52:51.084+09:00 DEBUG 85348 --- [    Test worker] org.hibernate.SQL                        : 
    select
        a1_0.user_id,
        a1_0.authentication_provider,
        a1_0.email,
        a1_0.password,
        a1_0.registration_id,
        a1_0.role 
    from
        users a1_0
Hibernate: 
    select
        a1_0.user_id,
        a1_0.authentication_provider,
        a1_0.email,
        a1_0.password,
        a1_0.registration_id,
        a1_0.role 
    from
        users a1_0
2023-03-18T13:52:51.084+09:00 DEBUG 85348 --- [    Test worker] o.s.orm.jpa.JpaTransactionManager        : Initiating transaction commit
2023-03-18T13:52:51.084+09:00 DEBUG 85348 --- [    Test worker] o.s.orm.jpa.JpaTransactionManager        : Committing JPA transaction on EntityManager [SessionImpl(1337900430&lt;open&gt;)]
2023-03-18T13:52:51.084+09:00 DEBUG 85348 --- [    Test worker] o.h.e.t.internal.TransactionImpl         : committing
2023-03-18T13:52:51.084+09:00 DEBUG 85348 --- [    Test worker] o.s.orm.jpa.JpaTransactionManager        : Closing JPA EntityManager [SessionImpl(1337900430&lt;open&gt;)] after transaction
2023-03-18T13:52:51.084+09:00 DEBUG 85348 --- [    Test worker] org.springframework.test.context.cache   : Spring test ApplicationContext cache statistics: [DefaultContextCache@5623fd90 size = 2, maxSize = 32, parentContextCount = 0, hitCount = 104, missCount = 2]
2023-03-18T13:52:51.084+09:00 DEBUG 85348 --- [    Test worker] o.s.orm.jpa.JpaTransactionManager        : Creating new transaction with name [org.springframework.data.jpa.repository.support.SimpleJpaRepository.save]: PROPAGATION_REQUIRED,ISOLATION_DEFAULT
2023-03-18T13:52:51.085+09:00 DEBUG 85348 --- [    Test worker] o.s.orm.jpa.JpaTransactionManager        : Opened new EntityManager [SessionImpl(858881318&lt;open&gt;)] for JPA transaction
2023-03-18T13:52:51.085+09:00 DEBUG 85348 --- [    Test worker] o.h.e.t.internal.TransactionImpl         : On TransactionImpl creation, JpaCompliance#isJpaTransactionComplianceEnabled == false
2023-03-18T13:52:51.085+09:00 DEBUG 85348 --- [    Test worker] o.h.e.t.internal.TransactionImpl         : begin
2023-03-18T13:52:51.085+09:00 DEBUG 85348 --- [    Test worker] o.s.orm.jpa.JpaTransactionManager        : Exposing JPA transaction as JDBC [org.springframework.orm.jpa.vendor.HibernateJpaDialect$HibernateConnectionHandle@79753f20]
2023-03-18T13:52:51.085+09:00 DEBUG 85348 --- [    Test worker] o.h.j.internal.PersistenceUnitUtilImpl   : jakarta.persistence.PersistenceUnitUtil.getIdentifier is only intended to work with enhanced entities (although Hibernate also adapts this support to its proxies); however the passed entity was not enhanced (nor a proxy).. may not be able to read identifier
2023-03-18T13:52:51.085+09:00 DEBUG 85348 --- [    Test worker] org.hibernate.engine.spi.ActionQueue     : Executing identity-insert immediately
2023-03-18T13:52:51.085+09:00 DEBUG 85348 --- [    Test worker] org.hibernate.SQL                        : 
    insert 
    into
        users
        (user_id, authentication_provider, email, password, registration_id, role) 
    values
        (default, ?, ?, ?, ?, ?)
Hibernate: 
    insert 
    into
        users
        (user_id, authentication_provider, email, password, registration_id, role) 
    values
        (default, ?, ?, ?, ?, ?)
2023-03-18T13:52:51.085+09:00 DEBUG 85348 --- [    Test worker] o.h.id.IdentifierGeneratorHelper         : Natively generated identity: 3
2023-03-18T13:52:51.085+09:00 DEBUG 85348 --- [    Test worker] o.s.orm.jpa.JpaTransactionManager        : Initiating transaction commit
2023-03-18T13:52:51.085+09:00 DEBUG 85348 --- [    Test worker] o.s.orm.jpa.JpaTransactionManager        : Committing JPA transaction on EntityManager [SessionImpl(858881318&lt;open&gt;)]
2023-03-18T13:52:51.085+09:00 DEBUG 85348 --- [    Test worker] o.h.e.t.internal.TransactionImpl         : committing
2023-03-18T13:52:51.086+09:00 DEBUG 85348 --- [    Test worker] o.h.e.i.AbstractFlushingEventListener    : Processing flush-time cascades
2023-03-18T13:52:51.086+09:00 DEBUG 85348 --- [    Test worker] o.h.e.i.AbstractFlushingEventListener    : Dirty checking collections
2023-03-18T13:52:51.086+09:00 DEBUG 85348 --- [    Test worker] o.h.e.i.AbstractFlushingEventListener    : Flushed: 0 insertions, 0 updates, 0 deletions to 1 objects
2023-03-18T13:52:51.086+09:00 DEBUG 85348 --- [    Test worker] o.h.e.i.AbstractFlushingEventListener    : Flushed: 0 (re)creations, 0 updates, 0 removals to 0 collections
2023-03-18T13:52:51.086+09:00 DEBUG 85348 --- [    Test worker] o.hibernate.internal.util.EntityPrinter  : Listing entities:
2023-03-18T13:52:51.086+09:00 DEBUG 85348 --- [    Test worker] o.hibernate.internal.util.EntityPrinter  : com.example.flowerplatform.repository.entity.AppUser.AppUser{authenticationProvider=GOOGLE, password=null, role=USER, registrationId=12312412412, id=3, email=null}
2023-03-18T13:52:51.086+09:00 DEBUG 85348 --- [    Test worker] o.s.orm.jpa.JpaTransactionManager        : Closing JPA EntityManager [SessionImpl(858881318&lt;open&gt;)] after transaction
2023-03-18T13:52:51.086+09:00 DEBUG 85348 --- [    Test worker] o.s.orm.jpa.JpaTransactionManager        : Creating new transaction with name [org.springframework.data.jpa.repository.support.SimpleJpaRepository.save]: PROPAGATION_REQUIRED,ISOLATION_DEFAULT
2023-03-18T13:52:51.086+09:00 DEBUG 85348 --- [    Test worker] o.s.orm.jpa.JpaTransactionManager        : Opened new EntityManager [SessionImpl(1529529161&lt;open&gt;)] for JPA transaction
2023-03-18T13:52:51.086+09:00 DEBUG 85348 --- [    Test worker] o.h.e.t.internal.TransactionImpl         : On TransactionImpl creation, JpaCompliance#isJpaTransactionComplianceEnabled == false
2023-03-18T13:52:51.086+09:00 DEBUG 85348 --- [    Test worker] o.h.e.t.internal.TransactionImpl         : begin
2023-03-18T13:52:51.086+09:00 DEBUG 85348 --- [    Test worker] o.s.orm.jpa.JpaTransactionManager        : Exposing JPA transaction as JDBC [org.springframework.orm.jpa.vendor.HibernateJpaDialect$HibernateConnectionHandle@754acbad]
2023-03-18T13:52:51.086+09:00 DEBUG 85348 --- [    Test worker] o.h.j.internal.PersistenceUnitUtilImpl   : jakarta.persistence.PersistenceUnitUtil.getIdentifier is only intended to work with enhanced entities (although Hibernate also adapts this support to its proxies); however the passed entity was not enhanced (nor a proxy).. may not be able to read identifier
2023-03-18T13:52:51.086+09:00 DEBUG 85348 --- [    Test worker] org.hibernate.engine.spi.ActionQueue     : Executing identity-insert immediately
2023-03-18T13:52:51.086+09:00 DEBUG 85348 --- [    Test worker] org.hibernate.SQL                        : 
    insert 
    into
        users
        (user_id, authentication_provider, email, password, registration_id, role) 
    values
        (default, ?, ?, ?, ?, ?)
Hibernate: 
    insert 
    into
        users
        (user_id, authentication_provider, email, password, registration_id, role) 
    values
        (default, ?, ?, ?, ?, ?)
2023-03-18T13:52:51.087+09:00 DEBUG 85348 --- [    Test worker] o.h.id.IdentifierGeneratorHelper         : Natively generated identity: 4
2023-03-18T13:52:51.087+09:00 DEBUG 85348 --- [    Test worker] o.s.orm.jpa.JpaTransactionManager        : Initiating transaction commit
2023-03-18T13:52:51.087+09:00 DEBUG 85348 --- [    Test worker] o.s.orm.jpa.JpaTransactionManager        : Committing JPA transaction on EntityManager [SessionImpl(1529529161&lt;open&gt;)]
2023-03-18T13:52:51.087+09:00 DEBUG 85348 --- [    Test worker] o.h.e.t.internal.TransactionImpl         : committing
2023-03-18T13:52:51.087+09:00 DEBUG 85348 --- [    Test worker] o.h.e.i.AbstractFlushingEventListener    : Processing flush-time cascades
2023-03-18T13:52:51.087+09:00 DEBUG 85348 --- [    Test worker] o.h.e.i.AbstractFlushingEventListener    : Dirty checking collections
2023-03-18T13:52:51.087+09:00 DEBUG 85348 --- [    Test worker] o.h.e.i.AbstractFlushingEventListener    : Flushed: 0 insertions, 0 updates, 0 deletions to 1 objects
2023-03-18T13:52:51.087+09:00 DEBUG 85348 --- [    Test worker] o.h.e.i.AbstractFlushingEventListener    : Flushed: 0 (re)creations, 0 updates, 0 removals to 0 collections
2023-03-18T13:52:51.087+09:00 DEBUG 85348 --- [    Test worker] o.hibernate.internal.util.EntityPrinter  : Listing entities:
2023-03-18T13:52:51.087+09:00 DEBUG 85348 --- [    Test worker] o.hibernate.internal.util.EntityPrinter  : com.example.flowerplatform.repository.entity.AppUser.AppUser{authenticationProvider=APPLE, password=null, role=REGISTRATION_NOT_COMPLETE_USER, registrationId=123124124114, id=4, email=null}
2023-03-18T13:52:51.087+09:00 DEBUG 85348 --- [    Test worker] o.s.orm.jpa.JpaTransactionManager        : Closing JPA EntityManager [SessionImpl(1529529161&lt;open&gt;)] after transaction
2023-03-18T13:52:51.087+09:00 DEBUG 85348 --- [    Test worker] o.s.orm.jpa.JpaTransactionManager        : Creating new transaction with name [org.springframework.data.jpa.repository.support.SimpleJpaRepository.save]: PROPAGATION_REQUIRED,ISOLATION_DEFAULT
2023-03-18T13:52:51.088+09:00 DEBUG 85348 --- [    Test worker] o.s.orm.jpa.JpaTransactionManager        : Opened new EntityManager [SessionImpl(410060429&lt;open&gt;)] for JPA transaction
2023-03-18T13:52:51.088+09:00 DEBUG 85348 --- [    Test worker] o.h.e.t.internal.TransactionImpl         : On TransactionImpl creation, JpaCompliance#isJpaTransactionComplianceEnabled == false
2023-03-18T13:52:51.088+09:00 DEBUG 85348 --- [    Test worker] o.h.e.t.internal.TransactionImpl         : begin
2023-03-18T13:52:51.088+09:00 DEBUG 85348 --- [    Test worker] o.s.orm.jpa.JpaTransactionManager        : Exposing JPA transaction as JDBC [org.springframework.orm.jpa.vendor.HibernateJpaDialect$HibernateConnectionHandle@6ab123d0]
2023-03-18T13:52:51.088+09:00 DEBUG 85348 --- [    Test worker] o.h.j.internal.PersistenceUnitUtilImpl   : jakarta.persistence.PersistenceUnitUtil.getIdentifier is only intended to work with enhanced entities (although Hibernate also adapts this support to its proxies); however the passed entity was not enhanced (nor a proxy).. may not be able to read identifier
2023-03-18T13:52:51.088+09:00 DEBUG 85348 --- [    Test worker] org.hibernate.engine.spi.ActionQueue     : Executing identity-insert immediately
2023-03-18T13:52:51.088+09:00 DEBUG 85348 --- [    Test worker] org.hibernate.SQL                        : 
    insert 
    into
        users
        (user_id, authentication_provider, email, password, registration_id, role) 
    values
        (default, ?, ?, ?, ?, ?)
Hibernate: 
    insert 
    into
        users
        (user_id, authentication_provider, email, password, registration_id, role) 
    values
        (default, ?, ?, ?, ?, ?)
2023-03-18T13:52:51.088+09:00 DEBUG 85348 --- [    Test worker] o.h.id.IdentifierGeneratorHelper         : Natively generated identity: 5
2023-03-18T13:52:51.088+09:00 DEBUG 85348 --- [    Test worker] o.s.orm.jpa.JpaTransactionManager        : Initiating transaction commit
2023-03-18T13:52:51.088+09:00 DEBUG 85348 --- [    Test worker] o.s.orm.jpa.JpaTransactionManager        : Committing JPA transaction on EntityManager [SessionImpl(410060429&lt;open&gt;)]
2023-03-18T13:52:51.088+09:00 DEBUG 85348 --- [    Test worker] o.h.e.t.internal.TransactionImpl         : committing
2023-03-18T13:52:51.088+09:00 DEBUG 85348 --- [    Test worker] o.h.e.i.AbstractFlushingEventListener    : Processing flush-time cascades
2023-03-18T13:52:51.088+09:00 DEBUG 85348 --- [    Test worker] o.h.e.i.AbstractFlushingEventListener    : Dirty checking collections
2023-03-18T13:52:51.088+09:00 DEBUG 85348 --- [    Test worker] o.h.e.i.AbstractFlushingEventListener    : Flushed: 0 insertions, 0 updates, 0 deletions to 1 objects
2023-03-18T13:52:51.088+09:00 DEBUG 85348 --- [    Test worker] o.h.e.i.AbstractFlushingEventListener    : Flushed: 0 (re)creations, 0 updates, 0 removals to 0 collections
2023-03-18T13:52:51.088+09:00 DEBUG 85348 --- [    Test worker] o.hibernate.internal.util.EntityPrinter  : Listing entities:
2023-03-18T13:52:51.088+09:00 DEBUG 85348 --- [    Test worker] o.hibernate.internal.util.EntityPrinter  : com.example.flowerplatform.repository.entity.AppUser.AppUser{authenticationProvider=GOOGLE, password=null, role=REGISTRATION_NOT_COMPLETE_USER, registrationId=123124124114, id=5, email=null}
2023-03-18T13:52:51.089+09:00 DEBUG 85348 --- [    Test worker] o.s.orm.jpa.JpaTransactionManager        : Closing JPA EntityManager [SessionImpl(410060429&lt;open&gt;)] after transaction
2023-03-18T13:52:51.089+09:00 DEBUG 85348 --- [    Test worker] o.s.orm.jpa.JpaTransactionManager        : Creating new transaction with name [org.springframework.data.jpa.repository.support.SimpleJpaRepository.save]: PROPAGATION_REQUIRED,ISOLATION_DEFAULT
2023-03-18T13:52:51.089+09:00 DEBUG 85348 --- [    Test worker] o.s.orm.jpa.JpaTransactionManager        : Opened new EntityManager [SessionImpl(1872345284&lt;open&gt;)] for JPA transaction
2023-03-18T13:52:51.089+09:00 DEBUG 85348 --- [    Test worker] o.h.e.t.internal.TransactionImpl         : On TransactionImpl creation, JpaCompliance#isJpaTransactionComplianceEnabled == false
2023-03-18T13:52:51.089+09:00 DEBUG 85348 --- [    Test worker] o.h.e.t.internal.TransactionImpl         : begin
2023-03-18T13:52:51.089+09:00 DEBUG 85348 --- [    Test worker] o.s.orm.jpa.JpaTransactionManager        : Exposing JPA transaction as JDBC [org.springframework.orm.jpa.vendor.HibernateJpaDialect$HibernateConnectionHandle@5f5c2451]
2023-03-18T13:52:51.089+09:00 DEBUG 85348 --- [    Test worker] o.h.j.internal.PersistenceUnitUtilImpl   : jakarta.persistence.PersistenceUnitUtil.getIdentifier is only intended to work with enhanced entities (although Hibernate also adapts this support to its proxies); however the passed entity was not enhanced (nor a proxy).. may not be able to read identifier
2023-03-18T13:52:51.089+09:00 DEBUG 85348 --- [    Test worker] org.hibernate.engine.spi.ActionQueue     : Executing identity-insert immediately
2023-03-18T13:52:51.089+09:00 DEBUG 85348 --- [    Test worker] org.hibernate.SQL                        : 
    insert 
    into
        users
        (user_id, authentication_provider, email, password, registration_id, role) 
    values
        (default, ?, ?, ?, ?, ?)
Hibernate: 
    insert 
    into
        users
        (user_id, authentication_provider, email, password, registration_id, role) 
    values
        (default, ?, ?, ?, ?, ?)
2023-03-18T13:52:51.089+09:00 DEBUG 85348 --- [    Test worker] o.h.id.IdentifierGeneratorHelper         : Natively generated identity: 6
2023-03-18T13:52:51.090+09:00 DEBUG 85348 --- [    Test worker] o.s.orm.jpa.JpaTransactionManager        : Initiating transaction commit
2023-03-18T13:52:51.090+09:00 DEBUG 85348 --- [    Test worker] o.s.orm.jpa.JpaTransactionManager        : Committing JPA transaction on EntityManager [SessionImpl(1872345284&lt;open&gt;)]
2023-03-18T13:52:51.090+09:00 DEBUG 85348 --- [    Test worker] o.h.e.t.internal.TransactionImpl         : committing
2023-03-18T13:52:51.090+09:00 DEBUG 85348 --- [    Test worker] o.h.e.i.AbstractFlushingEventListener    : Processing flush-time cascades
2023-03-18T13:52:51.090+09:00 DEBUG 85348 --- [    Test worker] o.h.e.i.AbstractFlushingEventListener    : Dirty checking collections
2023-03-18T13:52:51.090+09:00 DEBUG 85348 --- [    Test worker] o.h.e.i.AbstractFlushingEventListener    : Flushed: 0 insertions, 0 updates, 0 deletions to 1 objects
2023-03-18T13:52:51.090+09:00 DEBUG 85348 --- [    Test worker] o.h.e.i.AbstractFlushingEventListener    : Flushed: 0 (re)creations, 0 updates, 0 removals to 0 collections
2023-03-18T13:52:51.090+09:00 DEBUG 85348 --- [    Test worker] o.hibernate.internal.util.EntityPrinter  : Listing entities:
2023-03-18T13:52:51.090+09:00 DEBUG 85348 --- [    Test worker] o.hibernate.internal.util.EntityPrinter  : com.example.flowerplatform.repository.entity.AppUser.AppUser{authenticationProvider=GOOGLE, password=null, role=ADMIN, registrationId=1231241251, id=6, email=null}
2023-03-18T13:52:51.090+09:00 DEBUG 85348 --- [    Test worker] o.s.orm.jpa.JpaTransactionManager        : Closing JPA EntityManager [SessionImpl(1872345284&lt;open&gt;)] after transaction
2023-03-18T13:52:51.090+09:00 DEBUG 85348 --- [    Test worker] org.springframework.test.context.cache   : Spring test ApplicationContext cache statistics: [DefaultContextCache@5623fd90 size = 2, maxSize = 32, parentContextCount = 0, hitCount = 105, missCount = 2]
2023-03-18T13:52:51.090+09:00 DEBUG 85348 --- [    Test worker] o.s.orm.jpa.JpaTransactionManager        : Creating new transaction with name [org.springframework.data.jpa.repository.support.SimpleJpaRepository.deleteAll]: PROPAGATION_REQUIRED,ISOLATION_DEFAULT
2023-03-18T13:52:51.090+09:00 DEBUG 85348 --- [    Test worker] o.s.orm.jpa.JpaTransactionManager        : Opened new EntityManager [SessionImpl(1540203686&lt;open&gt;)] for JPA transaction
2023-03-18T13:52:51.090+09:00 DEBUG 85348 --- [    Test worker] o.h.e.t.internal.TransactionImpl         : On TransactionImpl creation, JpaCompliance#isJpaTransactionComplianceEnabled == false
2023-03-18T13:52:51.090+09:00 DEBUG 85348 --- [    Test worker] o.h.e.t.internal.TransactionImpl         : begin
2023-03-18T13:52:51.090+09:00 DEBUG 85348 --- [    Test worker] o.s.orm.jpa.JpaTransactionManager        : Exposing JPA transaction as JDBC [org.springframework.orm.jpa.vendor.HibernateJpaDialect$HibernateConnectionHandle@7a5c502b]
2023-03-18T13:52:51.091+09:00 DEBUG 85348 --- [    Test worker] org.hibernate.orm.sql.ast.create         : Created new SQL alias : a1_0
2023-03-18T13:52:51.091+09:00 DEBUG 85348 --- [    Test worker] org.hibernate.orm.sql.ast.create         : Registration of TableGroup [StandardTableGroup(com.example.flowerplatform.repository.entity.AppUser.AppUser(5302806487958))] with identifierForTableGroup [com.example.flowerplatform.repository.entity.AppUser.AppUser] for NavigablePath [com.example.flowerplatform.repository.entity.AppUser.AppUser] 
2023-03-18T13:52:51.091+09:00 DEBUG 85348 --- [    Test worker] org.hibernate.orm.results.graph.AST      : DomainResult Graph:
 \-EntityResultImpl [com.example.flowerplatform.repository.entity.AppUser.AppUser(5302806487958)]
 |  +-BasicFetch [com.example.flowerplatform.repository.entity.AppUser.AppUser(5302806487958).authenticationProvider]
 |  +-BasicFetch [com.example.flowerplatform.repository.entity.AppUser.AppUser(5302806487958).email]
 |  +-BasicFetch [com.example.flowerplatform.repository.entity.AppUser.AppUser(5302806487958).password]
 |  +-BasicFetch [com.example.flowerplatform.repository.entity.AppUser.AppUser(5302806487958).registrationId]
 |  \-BasicFetch [com.example.flowerplatform.repository.entity.AppUser.AppUser(5302806487958).role]

2023-03-18T13:52:51.091+09:00 DEBUG 85348 --- [    Test worker] org.hibernate.orm.sql.ast.tree           : SQL AST Tree:
    SelectStatement {
      FromClause {
        StandardTableGroup (a1 : com.example.flowerplatform.repository.entity.AppUser.AppUser(5302806487958)) {
          primaryTableReference : users as a1_0
        }
      }
    }

2023-03-18T13:52:51.091+09:00 DEBUG 85348 --- [    Test worker] org.hibernate.orm.sql.exec               : Skipping reading Query result cache data: cache-enabled = false, cache-mode = NORMAL
2023-03-18T13:52:51.091+09:00 DEBUG 85348 --- [    Test worker] org.hibernate.orm.results                : Initializer list
2023-03-18T13:52:51.091+09:00 DEBUG 85348 --- [    Test worker] org.hibernate.orm.results                :     com.example.flowerplatform.repository.entity.AppUser.AppUser(5302806487958) -&gt; EntityResultInitializer(com.example.flowerplatform.repository.entity.AppUser.AppUser(5302806487958))@1414529337 (SingleTableEntityPersister(com.example.flowerplatform.repository.entity.AppUser.AppUser))
2023-03-18T13:52:51.091+09:00 DEBUG 85348 --- [    Test worker] org.hibernate.SQL                        : 
    select
        a1_0.user_id,
        a1_0.authentication_provider,
        a1_0.email,
        a1_0.password,
        a1_0.registration_id,
        a1_0.role 
    from
        users a1_0
Hibernate: 
    select
        a1_0.user_id,
        a1_0.authentication_provider,
        a1_0.email,
        a1_0.password,
        a1_0.registration_id,
        a1_0.role 
    from
        users a1_0
2023-03-18T13:52:51.092+09:00 DEBUG 85348 --- [    Test worker] org.hibernate.orm.results                : Extracted JDBC value [0] - [3]
2023-03-18T13:52:51.092+09:00 DEBUG 85348 --- [    Test worker] o.hibernate.orm.results.loading.entity   : (EntityResultInitializer) Hydrated EntityKey (com.example.flowerplatform.repository.entity.AppUser.AppUser(5302806487958)): 3
2023-03-18T13:52:51.092+09:00 DEBUG 85348 --- [    Test worker] o.hibernate.orm.results.loading.entity   : (EntityResultInitializer) Created new entity instance [com.example.flowerplatform.repository.entity.AppUser.AppUser(5302806487958)#3] : AppUser(id=3, email=null, password=null, role=REGISTRATION_NOT_COMPLETE_USER, authenticationProvider=null, registrationId=null)
2023-03-18T13:52:51.092+09:00 DEBUG 85348 --- [    Test worker] org.hibernate.orm.results                : Extracted JDBC value [1] - [GOOGLE]
2023-03-18T13:52:51.092+09:00 DEBUG 85348 --- [    Test worker] org.hibernate.orm.results                : Extracted JDBC value [2] - [null]
2023-03-18T13:52:51.092+09:00 DEBUG 85348 --- [    Test worker] org.hibernate.orm.results                : Extracted JDBC value [3] - [null]
2023-03-18T13:52:51.092+09:00 DEBUG 85348 --- [    Test worker] org.hibernate.orm.results                : Extracted JDBC value [4] - [12312412412]
2023-03-18T13:52:51.092+09:00 DEBUG 85348 --- [    Test worker] org.hibernate.orm.results                : Extracted JDBC value [5] - [USER]
2023-03-18T13:52:51.092+09:00 DEBUG 85348 --- [    Test worker] o.hibernate.orm.results.loading.entity   : (EntityResultInitializer) Done materializing entityInstance : com.example.flowerplatform.repository.entity.AppUser.AppUser(5302806487958)#3
2023-03-18T13:52:51.092+09:00 DEBUG 85348 --- [    Test worker] org.hibernate.orm.results.loading        : Calling top-level assembler (0 / 1) : org.hibernate.sql.results.graph.entity.internal.EntityAssembler@667713c4
2023-03-18T13:52:51.092+09:00 DEBUG 85348 --- [    Test worker] org.hibernate.orm.results                : Extracted JDBC value [0] - [4]
2023-03-18T13:52:51.092+09:00 DEBUG 85348 --- [    Test worker] o.hibernate.orm.results.loading.entity   : (EntityResultInitializer) Hydrated EntityKey (com.example.flowerplatform.repository.entity.AppUser.AppUser(5302806487958)): 4
2023-03-18T13:52:51.092+09:00 DEBUG 85348 --- [    Test worker] o.hibernate.orm.results.loading.entity   : (EntityResultInitializer) Created new entity instance [com.example.flowerplatform.repository.entity.AppUser.AppUser(5302806487958)#4] : AppUser(id=4, email=null, password=null, role=REGISTRATION_NOT_COMPLETE_USER, authenticationProvider=null, registrationId=null)
2023-03-18T13:52:51.092+09:00 DEBUG 85348 --- [    Test worker] org.hibernate.orm.results                : Extracted JDBC value [1] - [APPLE]
2023-03-18T13:52:51.092+09:00 DEBUG 85348 --- [    Test worker] org.hibernate.orm.results                : Extracted JDBC value [2] - [null]
2023-03-18T13:52:51.092+09:00 DEBUG 85348 --- [    Test worker] org.hibernate.orm.results                : Extracted JDBC value [3] - [null]
2023-03-18T13:52:51.092+09:00 DEBUG 85348 --- [    Test worker] org.hibernate.orm.results                : Extracted JDBC value [4] - [123124124114]
2023-03-18T13:52:51.092+09:00 DEBUG 85348 --- [    Test worker] org.hibernate.orm.results                : Extracted JDBC value [5] - [REGISTRATION_NOT_COMPLETE_USER]
2023-03-18T13:52:51.092+09:00 DEBUG 85348 --- [    Test worker] o.hibernate.orm.results.loading.entity   : (EntityResultInitializer) Done materializing entityInstance : com.example.flowerplatform.repository.entity.AppUser.AppUser(5302806487958)#4
2023-03-18T13:52:51.092+09:00 DEBUG 85348 --- [    Test worker] org.hibernate.orm.results.loading        : Calling top-level assembler (0 / 1) : org.hibernate.sql.results.graph.entity.internal.EntityAssembler@667713c4
2023-03-18T13:52:51.092+09:00 DEBUG 85348 --- [    Test worker] org.hibernate.orm.results                : Extracted JDBC value [0] - [5]
2023-03-18T13:52:51.092+09:00 DEBUG 85348 --- [    Test worker] o.hibernate.orm.results.loading.entity   : (EntityResultInitializer) Hydrated EntityKey (com.example.flowerplatform.repository.entity.AppUser.AppUser(5302806487958)): 5
2023-03-18T13:52:51.093+09:00 DEBUG 85348 --- [    Test worker] o.hibernate.orm.results.loading.entity   : (EntityResultInitializer) Created new entity instance [com.example.flowerplatform.repository.entity.AppUser.AppUser(5302806487958)#5] : AppUser(id=5, email=null, password=null, role=REGISTRATION_NOT_COMPLETE_USER, authenticationProvider=null, registrationId=null)
2023-03-18T13:52:51.093+09:00 DEBUG 85348 --- [    Test worker] org.hibernate.orm.results                : Extracted JDBC value [1] - [GOOGLE]
2023-03-18T13:52:51.093+09:00 DEBUG 85348 --- [    Test worker] org.hibernate.orm.results                : Extracted JDBC value [2] - [null]
2023-03-18T13:52:51.093+09:00 DEBUG 85348 --- [    Test worker] org.hibernate.orm.results                : Extracted JDBC value [3] - [null]
2023-03-18T13:52:51.093+09:00 DEBUG 85348 --- [    Test worker] org.hibernate.orm.results                : Extracted JDBC value [4] - [123124124114]
2023-03-18T13:52:51.093+09:00 DEBUG 85348 --- [    Test worker] org.hibernate.orm.results                : Extracted JDBC value [5] - [REGISTRATION_NOT_COMPLETE_USER]
2023-03-18T13:52:51.093+09:00 DEBUG 85348 --- [    Test worker] o.hibernate.orm.results.loading.entity   : (EntityResultInitializer) Done materializing entityInstance : com.example.flowerplatform.repository.entity.AppUser.AppUser(5302806487958)#5
2023-03-18T13:52:51.093+09:00 DEBUG 85348 --- [    Test worker] org.hibernate.orm.results.loading        : Calling top-level assembler (0 / 1) : org.hibernate.sql.results.graph.entity.internal.EntityAssembler@667713c4
2023-03-18T13:52:51.093+09:00 DEBUG 85348 --- [    Test worker] org.hibernate.orm.results                : Extracted JDBC value [0] - [6]
2023-03-18T13:52:51.093+09:00 DEBUG 85348 --- [    Test worker] o.hibernate.orm.results.loading.entity   : (EntityResultInitializer) Hydrated EntityKey (com.example.flowerplatform.repository.entity.AppUser.AppUser(5302806487958)): 6
2023-03-18T13:52:51.093+09:00 DEBUG 85348 --- [    Test worker] o.hibernate.orm.results.loading.entity   : (EntityResultInitializer) Created new entity instance [com.example.flowerplatform.repository.entity.AppUser.AppUser(5302806487958)#6] : AppUser(id=6, email=null, password=null, role=REGISTRATION_NOT_COMPLETE_USER, authenticationProvider=null, registrationId=null)
2023-03-18T13:52:51.093+09:00 DEBUG 85348 --- [    Test worker] org.hibernate.orm.results                : Extracted JDBC value [1] - [GOOGLE]
2023-03-18T13:52:51.093+09:00 DEBUG 85348 --- [    Test worker] org.hibernate.orm.results                : Extracted JDBC value [2] - [null]
2023-03-18T13:52:51.093+09:00 DEBUG 85348 --- [    Test worker] org.hibernate.orm.results                : Extracted JDBC value [3] - [null]
2023-03-18T13:52:51.093+09:00 DEBUG 85348 --- [    Test worker] org.hibernate.orm.results                : Extracted JDBC value [4] - [1231241251]
2023-03-18T13:52:51.093+09:00 DEBUG 85348 --- [    Test worker] org.hibernate.orm.results                : Extracted JDBC value [5] - [ADMIN]
2023-03-18T13:52:51.093+09:00 DEBUG 85348 --- [    Test worker] o.hibernate.orm.results.loading.entity   : (EntityResultInitializer) Done materializing entityInstance : com.example.flowerplatform.repository.entity.AppUser.AppUser(5302806487958)#6
2023-03-18T13:52:51.093+09:00 DEBUG 85348 --- [    Test worker] org.hibernate.orm.results.loading        : Calling top-level assembler (0 / 1) : org.hibernate.sql.results.graph.entity.internal.EntityAssembler@667713c4
2023-03-18T13:52:51.093+09:00 DEBUG 85348 --- [    Test worker] o.h.j.internal.PersistenceUnitUtilImpl   : jakarta.persistence.PersistenceUnitUtil.getIdentifier is only intended to work with enhanced entities (although Hibernate also adapts this support to its proxies); however the passed entity was not enhanced (nor a proxy).. may not be able to read identifier
2023-03-18T13:52:51.093+09:00 DEBUG 85348 --- [    Test worker] o.h.j.internal.PersistenceUnitUtilImpl   : jakarta.persistence.PersistenceUnitUtil.getIdentifier is only intended to work with enhanced entities (although Hibernate also adapts this support to its proxies); however the passed entity was not enhanced (nor a proxy).. may not be able to read identifier
2023-03-18T13:52:51.093+09:00 DEBUG 85348 --- [    Test worker] o.h.j.internal.PersistenceUnitUtilImpl   : jakarta.persistence.PersistenceUnitUtil.getIdentifier is only intended to work with enhanced entities (although Hibernate also adapts this support to its proxies); however the passed entity was not enhanced (nor a proxy).. may not be able to read identifier
2023-03-18T13:52:51.093+09:00 DEBUG 85348 --- [    Test worker] o.h.j.internal.PersistenceUnitUtilImpl   : jakarta.persistence.PersistenceUnitUtil.getIdentifier is only intended to work with enhanced entities (although Hibernate also adapts this support to its proxies); however the passed entity was not enhanced (nor a proxy).. may not be able to read identifier
2023-03-18T13:52:51.094+09:00 DEBUG 85348 --- [    Test worker] o.h.j.internal.PersistenceUnitUtilImpl   : jakarta.persistence.PersistenceUnitUtil.getIdentifier is only intended to work with enhanced entities (although Hibernate also adapts this support to its proxies); however the passed entity was not enhanced (nor a proxy).. may not be able to read identifier
2023-03-18T13:52:51.094+09:00 DEBUG 85348 --- [    Test worker] o.h.j.internal.PersistenceUnitUtilImpl   : jakarta.persistence.PersistenceUnitUtil.getIdentifier is only intended to work with enhanced entities (although Hibernate also adapts this support to its proxies); however the passed entity was not enhanced (nor a proxy).. may not be able to read identifier
2023-03-18T13:52:51.094+09:00 DEBUG 85348 --- [    Test worker] o.h.j.internal.PersistenceUnitUtilImpl   : jakarta.persistence.PersistenceUnitUtil.getIdentifier is only intended to work with enhanced entities (although Hibernate also adapts this support to its proxies); however the passed entity was not enhanced (nor a proxy).. may not be able to read identifier
2023-03-18T13:52:51.094+09:00 DEBUG 85348 --- [    Test worker] o.h.j.internal.PersistenceUnitUtilImpl   : jakarta.persistence.PersistenceUnitUtil.getIdentifier is only intended to work with enhanced entities (although Hibernate also adapts this support to its proxies); however the passed entity was not enhanced (nor a proxy).. may not be able to read identifier
2023-03-18T13:52:51.094+09:00 DEBUG 85348 --- [    Test worker] o.s.orm.jpa.JpaTransactionManager        : Initiating transaction commit
2023-03-18T13:52:51.094+09:00 DEBUG 85348 --- [    Test worker] o.s.orm.jpa.JpaTransactionManager        : Committing JPA transaction on EntityManager [SessionImpl(1540203686&lt;open&gt;)]
2023-03-18T13:52:51.094+09:00 DEBUG 85348 --- [    Test worker] o.h.e.t.internal.TransactionImpl         : committing
2023-03-18T13:52:51.094+09:00 DEBUG 85348 --- [    Test worker] o.h.e.i.AbstractFlushingEventListener    : Processing flush-time cascades
2023-03-18T13:52:51.094+09:00 DEBUG 85348 --- [    Test worker] o.h.e.i.AbstractFlushingEventListener    : Dirty checking collections
2023-03-18T13:52:51.094+09:00 DEBUG 85348 --- [    Test worker] o.h.e.i.AbstractFlushingEventListener    : Flushed: 0 insertions, 0 updates, 4 deletions to 4 objects
2023-03-18T13:52:51.094+09:00 DEBUG 85348 --- [    Test worker] o.h.e.i.AbstractFlushingEventListener    : Flushed: 0 (re)creations, 0 updates, 0 removals to 0 collections
2023-03-18T13:52:51.094+09:00 DEBUG 85348 --- [    Test worker] o.hibernate.internal.util.EntityPrinter  : Listing entities:
2023-03-18T13:52:51.094+09:00 DEBUG 85348 --- [    Test worker] o.hibernate.internal.util.EntityPrinter  : com.example.flowerplatform.repository.entity.AppUser.AppUser{authenticationProvider=GOOGLE, password=null, role=USER, registrationId=12312412412, id=3, email=null}
2023-03-18T13:52:51.094+09:00 DEBUG 85348 --- [    Test worker] o.hibernate.internal.util.EntityPrinter  : com.example.flowerplatform.repository.entity.AppUser.AppUser{authenticationProvider=APPLE, password=null, role=REGISTRATION_NOT_COMPLETE_USER, registrationId=123124124114, id=4, email=null}
2023-03-18T13:52:51.094+09:00 DEBUG 85348 --- [    Test worker] o.hibernate.internal.util.EntityPrinter  : com.example.flowerplatform.repository.entity.AppUser.AppUser{authenticationProvider=GOOGLE, password=null, role=REGISTRATION_NOT_COMPLETE_USER, registrationId=123124124114, id=5, email=null}
2023-03-18T13:52:51.094+09:00 DEBUG 85348 --- [    Test worker] o.hibernate.internal.util.EntityPrinter  : com.example.flowerplatform.repository.entity.AppUser.AppUser{authenticationProvider=GOOGLE, password=null, role=ADMIN, registrationId=1231241251, id=6, email=null}
2023-03-18T13:52:51.094+09:00 DEBUG 85348 --- [    Test worker] org.hibernate.SQL                        : 
    delete 
    from
        users 
    where
        user_id=?
Hibernate: 
    delete 
    from
        users 
    where
        user_id=?
2023-03-18T13:52:51.098+09:00 DEBUG 85348 --- [    Test worker] org.hibernate.SQL                        : 
    delete 
    from
        users 
    where
        user_id=?
Hibernate: 
    delete 
    from
        users 
    where
        user_id=?
2023-03-18T13:52:51.098+09:00 DEBUG 85348 --- [    Test worker] org.hibernate.SQL                        : 
    delete 
    from
        users 
    where
        user_id=?
Hibernate: 
    delete 
    from
        users 
    where
        user_id=?
2023-03-18T13:52:51.098+09:00 DEBUG 85348 --- [    Test worker] org.hibernate.SQL                        : 
    delete 
    from
        users 
    where
        user_id=?
Hibernate: 
    delete 
    from
        users 
    where
        user_id=?
2023-03-18T13:52:51.099+09:00 DEBUG 85348 --- [    Test worker] o.s.orm.jpa.JpaTransactionManager        : Closing JPA EntityManager [SessionImpl(1540203686&lt;open&gt;)] after transaction
2023-03-18T13:52:51.099+09:00 DEBUG 85348 --- [    Test worker] o.h.e.jdbc.internal.JdbcCoordinatorImpl  : HHH000420: Closing un-released batch
2023-03-18T13:52:51.099+09:00 DEBUG 85348 --- [    Test worker] org.springframework.test.context.cache   : Spring test ApplicationContext cache statistics: [DefaultContextCache@5623fd90 size = 2, maxSize = 32, parentContextCount = 0, hitCount = 106, missCount = 2]
2023-03-18T13:52:51.100+09:00 DEBUG 85348 --- [    Test worker] org.springframework.test.context.cache   : Spring test ApplicationContext cache statistics: [DefaultContextCache@5623fd90 size = 2, maxSize = 32, parentContextCount = 0, hitCount = 107, missCount = 2]
2023-03-18T13:52:51.100+09:00 DEBUG 85348 --- [    Test worker] org.springframework.test.context.cache   : Spring test ApplicationContext cache statistics: [DefaultContextCache@5623fd90 size = 2, maxSize = 32, parentContextCount = 0, hitCount = 108, missCount = 2]
2023-03-18T13:52:51.100+09:00 DEBUG 85348 --- [    Test worker] org.springframework.test.context.cache   : Spring test ApplicationContext cache statistics: [DefaultContextCache@5623fd90 size = 2, maxSize = 32, parentContextCount = 0, hitCount = 109, missCount = 2]
2023-03-18T13:52:51.100+09:00 DEBUG 85348 --- [    Test worker] org.springframework.test.context.cache   : Spring test ApplicationContext cache statistics: [DefaultContextCache@5623fd90 size = 2, maxSize = 32, parentContextCount = 0, hitCount = 110, missCount = 2]
2023-03-18T13:52:51.101+09:00 DEBUG 85348 --- [    Test worker] org.springframework.test.context.cache   : Spring test ApplicationContext cache statistics: [DefaultContextCache@5623fd90 size = 2, maxSize = 32, parentContextCount = 0, hitCount = 111, missCount = 2]
2023-03-18T13:52:51.101+09:00 DEBUG 85348 --- [    Test worker] tractDirtiesContextTestExecutionListener : After test method: class [UserServiceImplTest], method [saveMultipleExternalUsers], class annotated with @DirtiesContext [false] with mode [null], method annotated with @DirtiesContext [false] with mode [null]
2023-03-18T13:52:51.101+09:00 DEBUG 85348 --- [    Test worker] o.s.t.c.w.ServletTestExecutionListener   : Resetting RequestContextHolder for test class com.example.flowerplatform.integrationTest.UserServiceImplTest
2023-03-18T13:52:51.101+09:00 DEBUG 85348 --- [    Test worker] org.springframework.test.context.cache   : Spring test ApplicationContext cache statistics: [DefaultContextCache@5623fd90 size = 2, maxSize = 32, parentContextCount = 0, hitCount = 112, missCount = 2]
2023-03-18T13:52:51.101+09:00 DEBUG 85348 --- [    Test worker] o.s.t.c.w.ServletTestExecutionListener   : Setting up MockHttpServletRequest, MockHttpServletResponse, ServletWebRequest, and RequestContextHolder for test class com.example.flowerplatform.integrationTest.UserServiceImplTest
2023-03-18T13:52:51.101+09:00 DEBUG 85348 --- [    Test worker] DependencyInjectionTestExecutionListener : Performing dependency injection for test class com.example.flowerplatform.integrationTest.UserServiceImplTest
2023-03-18T13:52:51.101+09:00 DEBUG 85348 --- [    Test worker] org.springframework.test.context.cache   : Spring test ApplicationContext cache statistics: [DefaultContextCache@5623fd90 size = 2, maxSize = 32, parentContextCount = 0, hitCount = 113, missCount = 2]
2023-03-18T13:52:51.101+09:00 DEBUG 85348 --- [    Test worker] org.springframework.test.context.cache   : Spring test ApplicationContext cache statistics: [DefaultContextCache@5623fd90 size = 2, maxSize = 32, parentContextCount = 0, hitCount = 114, missCount = 2]
2023-03-18T13:52:51.102+09:00 DEBUG 85348 --- [    Test worker] tractDirtiesContextTestExecutionListener : Before test method: class [UserServiceImplTest], method [saveExternalUserWithInternalProviderTest], class annotated with @DirtiesContext [false] with mode [null], method annotated with @DirtiesContext [false] with mode [null]
2023-03-18T13:52:51.102+09:00 DEBUG 85348 --- [    Test worker] org.springframework.test.context.cache   : Spring test ApplicationContext cache statistics: [DefaultContextCache@5623fd90 size = 2, maxSize = 32, parentContextCount = 0, hitCount = 115, missCount = 2]
2023-03-18T13:52:51.102+09:00 DEBUG 85348 --- [    Test worker] org.springframework.test.context.cache   : Spring test ApplicationContext cache statistics: [DefaultContextCache@5623fd90 size = 2, maxSize = 32, parentContextCount = 0, hitCount = 116, missCount = 2]
2023-03-18T13:52:51.103+09:00 DEBUG 85348 --- [    Test worker] o.s.orm.jpa.JpaTransactionManager        : Creating new transaction with name [org.springframework.data.jpa.repository.support.SimpleJpaRepository.deleteAll]: PROPAGATION_REQUIRED,ISOLATION_DEFAULT
2023-03-18T13:52:51.103+09:00 DEBUG 85348 --- [    Test worker] o.s.orm.jpa.JpaTransactionManager        : Opened new EntityManager [SessionImpl(1072223610&lt;open&gt;)] for JPA transaction
2023-03-18T13:52:51.103+09:00 DEBUG 85348 --- [    Test worker] o.h.e.t.internal.TransactionImpl         : On TransactionImpl creation, JpaCompliance#isJpaTransactionComplianceEnabled == false
2023-03-18T13:52:51.103+09:00 DEBUG 85348 --- [    Test worker] o.h.e.t.internal.TransactionImpl         : begin
2023-03-18T13:52:51.103+09:00 DEBUG 85348 --- [    Test worker] o.s.orm.jpa.JpaTransactionManager        : Exposing JPA transaction as JDBC [org.springframework.orm.jpa.vendor.HibernateJpaDialect$HibernateConnectionHandle@36573ec5]
2023-03-18T13:52:51.103+09:00 DEBUG 85348 --- [    Test worker] org.hibernate.orm.sql.ast.create         : Created new SQL alias : a1_0
2023-03-18T13:52:51.103+09:00 DEBUG 85348 --- [    Test worker] org.hibernate.orm.sql.ast.create         : Registration of TableGroup [StandardTableGroup(com.example.flowerplatform.repository.entity.AppUser.AppUser(5302819058750))] with identifierForTableGroup [com.example.flowerplatform.repository.entity.AppUser.AppUser] for NavigablePath [com.example.flowerplatform.repository.entity.AppUser.AppUser] 
2023-03-18T13:52:51.103+09:00 DEBUG 85348 --- [    Test worker] org.hibernate.orm.results.graph.AST      : DomainResult Graph:
 \-EntityResultImpl [com.example.flowerplatform.repository.entity.AppUser.AppUser(5302819058750)]
 |  +-BasicFetch [com.example.flowerplatform.repository.entity.AppUser.AppUser(5302819058750).authenticationProvider]
 |  +-BasicFetch [com.example.flowerplatform.repository.entity.AppUser.AppUser(5302819058750).email]
 |  +-BasicFetch [com.example.flowerplatform.repository.entity.AppUser.AppUser(5302819058750).password]
 |  +-BasicFetch [com.example.flowerplatform.repository.entity.AppUser.AppUser(5302819058750).registrationId]
 |  \-BasicFetch [com.example.flowerplatform.repository.entity.AppUser.AppUser(5302819058750).role]

2023-03-18T13:52:51.104+09:00 DEBUG 85348 --- [    Test worker] org.hibernate.orm.sql.ast.tree           : SQL AST Tree:
    SelectStatement {
      FromClause {
        StandardTableGroup (a1 : com.example.flowerplatform.repository.entity.AppUser.AppUser(5302819058750)) {
          primaryTableReference : users as a1_0
        }
      }
    }

2023-03-18T13:52:51.104+09:00 DEBUG 85348 --- [    Test worker] org.hibernate.orm.sql.exec               : Skipping reading Query result cache data: cache-enabled = false, cache-mode = NORMAL
2023-03-18T13:52:51.104+09:00 DEBUG 85348 --- [    Test worker] org.hibernate.orm.results                : Initializer list
2023-03-18T13:52:51.104+09:00 DEBUG 85348 --- [    Test worker] org.hibernate.orm.results                :     com.example.flowerplatform.repository.entity.AppUser.AppUser(5302819058750) -&gt; EntityResultInitializer(com.example.flowerplatform.repository.entity.AppUser.AppUser(5302819058750))@1797838052 (SingleTableEntityPersister(com.example.flowerplatform.repository.entity.AppUser.AppUser))
2023-03-18T13:52:51.104+09:00 DEBUG 85348 --- [    Test worker] org.hibernate.SQL                        : 
    select
        a1_0.user_id,
        a1_0.authentication_provider,
        a1_0.email,
        a1_0.password,
        a1_0.registration_id,
        a1_0.role 
    from
        users a1_0
Hibernate: 
    select
        a1_0.user_id,
        a1_0.authentication_provider,
        a1_0.email,
        a1_0.password,
        a1_0.registration_id,
        a1_0.role 
    from
        users a1_0
2023-03-18T13:52:51.104+09:00 DEBUG 85348 --- [    Test worker] o.s.orm.jpa.JpaTransactionManager        : Initiating transaction commit
2023-03-18T13:52:51.104+09:00 DEBUG 85348 --- [    Test worker] o.s.orm.jpa.JpaTransactionManager        : Committing JPA transaction on EntityManager [SessionImpl(1072223610&lt;open&gt;)]
2023-03-18T13:52:51.104+09:00 DEBUG 85348 --- [    Test worker] o.h.e.t.internal.TransactionImpl         : committing
2023-03-18T13:52:51.104+09:00 DEBUG 85348 --- [    Test worker] o.s.orm.jpa.JpaTransactionManager        : Closing JPA EntityManager [SessionImpl(1072223610&lt;open&gt;)] after transaction
2023-03-18T13:52:51.104+09:00 DEBUG 85348 --- [    Test worker] org.springframework.test.context.cache   : Spring test ApplicationContext cache statistics: [DefaultContextCache@5623fd90 size = 2, maxSize = 32, parentContextCount = 0, hitCount = 117, missCount = 2]
2023-03-18T13:52:51.105+09:00 DEBUG 85348 --- [    Test worker] c.e.f.s.implementation.UserServiceImpl   : type of exception is class com.example.flowerplatform.exceptions.OAuth2SaveExternalUserException
2023-03-18T13:52:51.105+09:00 ERROR 85348 --- [    Test worker] c.e.f.s.implementation.UserServiceImpl   : unexpected error occurred!
2023-03-18T13:52:51.105+09:00 ERROR 85348 --- [    Test worker] c.e.f.s.implementation.UserServiceImpl   : com.example.flowerplatform.exceptions.OAuth2SaveExternalUserException: external user cannot have AuthenticationProvider INTERNAL!
2023-03-18T13:52:51.105+09:00 DEBUG 85348 --- [    Test worker] org.springframework.test.context.cache   : Spring test ApplicationContext cache statistics: [DefaultContextCache@5623fd90 size = 2, maxSize = 32, parentContextCount = 0, hitCount = 118, missCount = 2]
2023-03-18T13:52:51.106+09:00 DEBUG 85348 --- [    Test worker] o.s.orm.jpa.JpaTransactionManager        : Creating new transaction with name [org.springframework.data.jpa.repository.support.SimpleJpaRepository.deleteAll]: PROPAGATION_REQUIRED,ISOLATION_DEFAULT
2023-03-18T13:52:51.106+09:00 DEBUG 85348 --- [    Test worker] o.s.orm.jpa.JpaTransactionManager        : Opened new EntityManager [SessionImpl(1998340117&lt;open&gt;)] for JPA transaction
2023-03-18T13:52:51.106+09:00 DEBUG 85348 --- [    Test worker] o.h.e.t.internal.TransactionImpl         : On TransactionImpl creation, JpaCompliance#isJpaTransactionComplianceEnabled == false
2023-03-18T13:52:51.106+09:00 DEBUG 85348 --- [    Test worker] o.h.e.t.internal.TransactionImpl         : begin
2023-03-18T13:52:51.106+09:00 DEBUG 85348 --- [    Test worker] o.s.orm.jpa.JpaTransactionManager        : Exposing JPA transaction as JDBC [org.springframework.orm.jpa.vendor.HibernateJpaDialect$HibernateConnectionHandle@34d776eb]
2023-03-18T13:52:51.107+09:00 DEBUG 85348 --- [    Test worker] org.hibernate.orm.sql.ast.create         : Created new SQL alias : a1_0
2023-03-18T13:52:51.107+09:00 DEBUG 85348 --- [    Test worker] org.hibernate.orm.sql.ast.create         : Registration of TableGroup [StandardTableGroup(com.example.flowerplatform.repository.entity.AppUser.AppUser(5302822427416))] with identifierForTableGroup [com.example.flowerplatform.repository.entity.AppUser.AppUser] for NavigablePath [com.example.flowerplatform.repository.entity.AppUser.AppUser] 
2023-03-18T13:52:51.107+09:00 DEBUG 85348 --- [    Test worker] org.hibernate.orm.results.graph.AST      : DomainResult Graph:
 \-EntityResultImpl [com.example.flowerplatform.repository.entity.AppUser.AppUser(5302822427416)]
 |  +-BasicFetch [com.example.flowerplatform.repository.entity.AppUser.AppUser(5302822427416).authenticationProvider]
 |  +-BasicFetch [com.example.flowerplatform.repository.entity.AppUser.AppUser(5302822427416).email]
 |  +-BasicFetch [com.example.flowerplatform.repository.entity.AppUser.AppUser(5302822427416).password]
 |  +-BasicFetch [com.example.flowerplatform.repository.entity.AppUser.AppUser(5302822427416).registrationId]
 |  \-BasicFetch [com.example.flowerplatform.repository.entity.AppUser.AppUser(5302822427416).role]

2023-03-18T13:52:51.107+09:00 DEBUG 85348 --- [    Test worker] org.hibernate.orm.sql.ast.tree           : SQL AST Tree:
    SelectStatement {
      FromClause {
        StandardTableGroup (a1 : com.example.flowerplatform.repository.entity.AppUser.AppUser(5302822427416)) {
          primaryTableReference : users as a1_0
        }
      }
    }

2023-03-18T13:52:51.107+09:00 DEBUG 85348 --- [    Test worker] org.hibernate.orm.sql.exec               : Skipping reading Query result cache data: cache-enabled = false, cache-mode = NORMAL
2023-03-18T13:52:51.107+09:00 DEBUG 85348 --- [    Test worker] org.hibernate.orm.results                : Initializer list
2023-03-18T13:52:51.107+09:00 DEBUG 85348 --- [    Test worker] org.hibernate.orm.results                :     com.example.flowerplatform.repository.entity.AppUser.AppUser(5302822427416) -&gt; EntityResultInitializer(com.example.flowerplatform.repository.entity.AppUser.AppUser(5302822427416))@1884044450 (SingleTableEntityPersister(com.example.flowerplatform.repository.entity.AppUser.AppUser))
2023-03-18T13:52:51.107+09:00 DEBUG 85348 --- [    Test worker] org.hibernate.SQL                        : 
    select
        a1_0.user_id,
        a1_0.authentication_provider,
        a1_0.email,
        a1_0.password,
        a1_0.registration_id,
        a1_0.role 
    from
        users a1_0
Hibernate: 
    select
        a1_0.user_id,
        a1_0.authentication_provider,
        a1_0.email,
        a1_0.password,
        a1_0.registration_id,
        a1_0.role 
    from
        users a1_0
2023-03-18T13:52:51.107+09:00 DEBUG 85348 --- [    Test worker] o.s.orm.jpa.JpaTransactionManager        : Initiating transaction commit
2023-03-18T13:52:51.107+09:00 DEBUG 85348 --- [    Test worker] o.s.orm.jpa.JpaTransactionManager        : Committing JPA transaction on EntityManager [SessionImpl(1998340117&lt;open&gt;)]
2023-03-18T13:52:51.107+09:00 DEBUG 85348 --- [    Test worker] o.h.e.t.internal.TransactionImpl         : committing
2023-03-18T13:52:51.108+09:00 DEBUG 85348 --- [    Test worker] o.s.orm.jpa.JpaTransactionManager        : Closing JPA EntityManager [SessionImpl(1998340117&lt;open&gt;)] after transaction
2023-03-18T13:52:51.108+09:00 DEBUG 85348 --- [    Test worker] org.springframework.test.context.cache   : Spring test ApplicationContext cache statistics: [DefaultContextCache@5623fd90 size = 2, maxSize = 32, parentContextCount = 0, hitCount = 119, missCount = 2]
2023-03-18T13:52:51.108+09:00 DEBUG 85348 --- [    Test worker] org.springframework.test.context.cache   : Spring test ApplicationContext cache statistics: [DefaultContextCache@5623fd90 size = 2, maxSize = 32, parentContextCount = 0, hitCount = 120, missCount = 2]
2023-03-18T13:52:51.108+09:00 DEBUG 85348 --- [    Test worker] org.springframework.test.context.cache   : Spring test ApplicationContext cache statistics: [DefaultContextCache@5623fd90 size = 2, maxSize = 32, parentContextCount = 0, hitCount = 121, missCount = 2]
2023-03-18T13:52:51.108+09:00 DEBUG 85348 --- [    Test worker] org.springframework.test.context.cache   : Spring test ApplicationContext cache statistics: [DefaultContextCache@5623fd90 size = 2, maxSize = 32, parentContextCount = 0, hitCount = 122, missCount = 2]
2023-03-18T13:52:51.109+09:00 DEBUG 85348 --- [    Test worker] org.springframework.test.context.cache   : Spring test ApplicationContext cache statistics: [DefaultContextCache@5623fd90 size = 2, maxSize = 32, parentContextCount = 0, hitCount = 123, missCount = 2]
2023-03-18T13:52:51.109+09:00 DEBUG 85348 --- [    Test worker] org.springframework.test.context.cache   : Spring test ApplicationContext cache statistics: [DefaultContextCache@5623fd90 size = 2, maxSize = 32, parentContextCount = 0, hitCount = 124, missCount = 2]
2023-03-18T13:52:51.109+09:00 DEBUG 85348 --- [    Test worker] tractDirtiesContextTestExecutionListener : After test method: class [UserServiceImplTest], method [saveExternalUserWithInternalProviderTest], class annotated with @DirtiesContext [false] with mode [null], method annotated with @DirtiesContext [false] with mode [null]
2023-03-18T13:52:51.109+09:00 DEBUG 85348 --- [    Test worker] o.s.t.c.w.ServletTestExecutionListener   : Resetting RequestContextHolder for test class com.example.flowerplatform.integrationTest.UserServiceImplTest
2023-03-18T13:52:51.110+09:00 DEBUG 85348 --- [    Test worker] org.springframework.test.context.cache   : Spring test ApplicationContext cache statistics: [DefaultContextCache@5623fd90 size = 2, maxSize = 32, parentContextCount = 0, hitCount = 125, missCount = 2]
2023-03-18T13:52:51.110+09:00 DEBUG 85348 --- [    Test worker] o.s.t.c.w.ServletTestExecutionListener   : Setting up MockHttpServletRequest, MockHttpServletResponse, ServletWebRequest, and RequestContextHolder for test class com.example.flowerplatform.integrationTest.UserServiceImplTest
2023-03-18T13:52:51.110+09:00 DEBUG 85348 --- [    Test worker] DependencyInjectionTestExecutionListener : Performing dependency injection for test class com.example.flowerplatform.integrationTest.UserServiceImplTest
2023-03-18T13:52:51.110+09:00 DEBUG 85348 --- [    Test worker] org.springframework.test.context.cache   : Spring test ApplicationContext cache statistics: [DefaultContextCache@5623fd90 size = 2, maxSize = 32, parentContextCount = 0, hitCount = 126, missCount = 2]
2023-03-18T13:52:51.110+09:00 DEBUG 85348 --- [    Test worker] org.springframework.test.context.cache   : Spring test ApplicationContext cache statistics: [DefaultContextCache@5623fd90 size = 2, maxSize = 32, parentContextCount = 0, hitCount = 127, missCount = 2]
2023-03-18T13:52:51.110+09:00 DEBUG 85348 --- [    Test worker] tractDirtiesContextTestExecutionListener : Before test method: class [UserServiceImplTest], method [saveExternalUserTest], class annotated with @DirtiesContext [false] with mode [null], method annotated with @DirtiesContext [false] with mode [null]
2023-03-18T13:52:51.111+09:00 DEBUG 85348 --- [    Test worker] org.springframework.test.context.cache   : Spring test ApplicationContext cache statistics: [DefaultContextCache@5623fd90 size = 2, maxSize = 32, parentContextCount = 0, hitCount = 128, missCount = 2]
2023-03-18T13:52:51.111+09:00 DEBUG 85348 --- [    Test worker] org.springframework.test.context.cache   : Spring test ApplicationContext cache statistics: [DefaultContextCache@5623fd90 size = 2, maxSize = 32, parentContextCount = 0, hitCount = 129, missCount = 2]
2023-03-18T13:52:51.111+09:00 DEBUG 85348 --- [    Test worker] o.s.orm.jpa.JpaTransactionManager        : Creating new transaction with name [org.springframework.data.jpa.repository.support.SimpleJpaRepository.deleteAll]: PROPAGATION_REQUIRED,ISOLATION_DEFAULT
2023-03-18T13:52:51.111+09:00 DEBUG 85348 --- [    Test worker] o.s.orm.jpa.JpaTransactionManager        : Opened new EntityManager [SessionImpl(148115207&lt;open&gt;)] for JPA transaction
2023-03-18T13:52:51.111+09:00 DEBUG 85348 --- [    Test worker] o.h.e.t.internal.TransactionImpl         : On TransactionImpl creation, JpaCompliance#isJpaTransactionComplianceEnabled == false
2023-03-18T13:52:51.111+09:00 DEBUG 85348 --- [    Test worker] o.h.e.t.internal.TransactionImpl         : begin
2023-03-18T13:52:51.111+09:00 DEBUG 85348 --- [    Test worker] o.s.orm.jpa.JpaTransactionManager        : Exposing JPA transaction as JDBC [org.springframework.orm.jpa.vendor.HibernateJpaDialect$HibernateConnectionHandle@196c8b93]
2023-03-18T13:52:51.112+09:00 DEBUG 85348 --- [    Test worker] org.hibernate.orm.sql.ast.create         : Created new SQL alias : a1_0
2023-03-18T13:52:51.112+09:00 DEBUG 85348 --- [    Test worker] org.hibernate.orm.sql.ast.create         : Registration of TableGroup [StandardTableGroup(com.example.flowerplatform.repository.entity.AppUser.AppUser(5302827495000))] with identifierForTableGroup [com.example.flowerplatform.repository.entity.AppUser.AppUser] for NavigablePath [com.example.flowerplatform.repository.entity.AppUser.AppUser] 
2023-03-18T13:52:51.112+09:00 DEBUG 85348 --- [    Test worker] org.hibernate.orm.results.graph.AST      : DomainResult Graph:
 \-EntityResultImpl [com.example.flowerplatform.repository.entity.AppUser.AppUser(5302827495000)]
 |  +-BasicFetch [com.example.flowerplatform.repository.entity.AppUser.AppUser(5302827495000).authenticationProvider]
 |  +-BasicFetch [com.example.flowerplatform.repository.entity.AppUser.AppUser(5302827495000).email]
 |  +-BasicFetch [com.example.flowerplatform.repository.entity.AppUser.AppUser(5302827495000).password]
 |  +-BasicFetch [com.example.flowerplatform.repository.entity.AppUser.AppUser(5302827495000).registrationId]
 |  \-BasicFetch [com.example.flowerplatform.repository.entity.AppUser.AppUser(5302827495000).role]

2023-03-18T13:52:51.112+09:00 DEBUG 85348 --- [    Test worker] org.hibernate.orm.sql.ast.tree           : SQL AST Tree:
    SelectStatement {
      FromClause {
        StandardTableGroup (a1 : com.example.flowerplatform.repository.entity.AppUser.AppUser(5302827495000)) {
          primaryTableReference : users as a1_0
        }
      }
    }

2023-03-18T13:52:51.112+09:00 DEBUG 85348 --- [    Test worker] org.hibernate.orm.sql.exec               : Skipping reading Query result cache data: cache-enabled = false, cache-mode = NORMAL
2023-03-18T13:52:51.112+09:00 DEBUG 85348 --- [    Test worker] org.hibernate.orm.results                : Initializer list
2023-03-18T13:52:51.112+09:00 DEBUG 85348 --- [    Test worker] org.hibernate.orm.results                :     com.example.flowerplatform.repository.entity.AppUser.AppUser(5302827495000) -&gt; EntityResultInitializer(com.example.flowerplatform.repository.entity.AppUser.AppUser(5302827495000))@1643855278 (SingleTableEntityPersister(com.example.flowerplatform.repository.entity.AppUser.AppUser))
2023-03-18T13:52:51.112+09:00 DEBUG 85348 --- [    Test worker] org.hibernate.SQL                        : 
    select
        a1_0.user_id,
        a1_0.authentication_provider,
        a1_0.email,
        a1_0.password,
        a1_0.registration_id,
        a1_0.role 
    from
        users a1_0
Hibernate: 
    select
        a1_0.user_id,
        a1_0.authentication_provider,
        a1_0.email,
        a1_0.password,
        a1_0.registration_id,
        a1_0.role 
    from
        users a1_0
2023-03-18T13:52:51.113+09:00 DEBUG 85348 --- [    Test worker] o.s.orm.jpa.JpaTransactionManager        : Initiating transaction commit
2023-03-18T13:52:51.113+09:00 DEBUG 85348 --- [    Test worker] o.s.orm.jpa.JpaTransactionManager        : Committing JPA transaction on EntityManager [SessionImpl(148115207&lt;open&gt;)]
2023-03-18T13:52:51.113+09:00 DEBUG 85348 --- [    Test worker] o.h.e.t.internal.TransactionImpl         : committing
2023-03-18T13:52:51.113+09:00 DEBUG 85348 --- [    Test worker] o.s.orm.jpa.JpaTransactionManager        : Closing JPA EntityManager [SessionImpl(148115207&lt;open&gt;)] after transaction
2023-03-18T13:52:51.113+09:00 DEBUG 85348 --- [    Test worker] org.springframework.test.context.cache   : Spring test ApplicationContext cache statistics: [DefaultContextCache@5623fd90 size = 2, maxSize = 32, parentContextCount = 0, hitCount = 130, missCount = 2]
2023-03-18T13:52:51.113+09:00 DEBUG 85348 --- [    Test worker] o.s.orm.jpa.JpaTransactionManager        : Creating new transaction with name [org.springframework.data.jpa.repository.support.SimpleJpaRepository.save]: PROPAGATION_REQUIRED,ISOLATION_DEFAULT
2023-03-18T13:52:51.113+09:00 DEBUG 85348 --- [    Test worker] o.s.orm.jpa.JpaTransactionManager        : Opened new EntityManager [SessionImpl(499416563&lt;open&gt;)] for JPA transaction
2023-03-18T13:52:51.113+09:00 DEBUG 85348 --- [    Test worker] o.h.e.t.internal.TransactionImpl         : On TransactionImpl creation, JpaCompliance#isJpaTransactionComplianceEnabled == false
2023-03-18T13:52:51.113+09:00 DEBUG 85348 --- [    Test worker] o.h.e.t.internal.TransactionImpl         : begin
2023-03-18T13:52:51.113+09:00 DEBUG 85348 --- [    Test worker] o.s.orm.jpa.JpaTransactionManager        : Exposing JPA transaction as JDBC [org.springframework.orm.jpa.vendor.HibernateJpaDialect$HibernateConnectionHandle@256a25a8]
2023-03-18T13:52:51.113+09:00 DEBUG 85348 --- [    Test worker] o.h.j.internal.PersistenceUnitUtilImpl   : jakarta.persistence.PersistenceUnitUtil.getIdentifier is only intended to work with enhanced entities (although Hibernate also adapts this support to its proxies); however the passed entity was not enhanced (nor a proxy).. may not be able to read identifier
2023-03-18T13:52:51.114+09:00 DEBUG 85348 --- [    Test worker] org.hibernate.engine.spi.ActionQueue     : Executing identity-insert immediately
2023-03-18T13:52:51.114+09:00 DEBUG 85348 --- [    Test worker] org.hibernate.SQL                        : 
    insert 
    into
        users
        (user_id, authentication_provider, email, password, registration_id, role) 
    values
        (default, ?, ?, ?, ?, ?)
Hibernate: 
    insert 
    into
        users
        (user_id, authentication_provider, email, password, registration_id, role) 
    values
        (default, ?, ?, ?, ?, ?)
2023-03-18T13:52:51.114+09:00 DEBUG 85348 --- [    Test worker] o.h.id.IdentifierGeneratorHelper         : Natively generated identity: 7
2023-03-18T13:52:51.114+09:00 DEBUG 85348 --- [    Test worker] o.s.orm.jpa.JpaTransactionManager        : Initiating transaction commit
2023-03-18T13:52:51.114+09:00 DEBUG 85348 --- [    Test worker] o.s.orm.jpa.JpaTransactionManager        : Committing JPA transaction on EntityManager [SessionImpl(499416563&lt;open&gt;)]
2023-03-18T13:52:51.114+09:00 DEBUG 85348 --- [    Test worker] o.h.e.t.internal.TransactionImpl         : committing
2023-03-18T13:52:51.114+09:00 DEBUG 85348 --- [    Test worker] o.h.e.i.AbstractFlushingEventListener    : Processing flush-time cascades
2023-03-18T13:52:51.115+09:00 DEBUG 85348 --- [    Test worker] o.h.e.i.AbstractFlushingEventListener    : Dirty checking collections
2023-03-18T13:52:51.115+09:00 DEBUG 85348 --- [    Test worker] o.h.e.i.AbstractFlushingEventListener    : Flushed: 0 insertions, 0 updates, 0 deletions to 1 objects
2023-03-18T13:52:51.115+09:00 DEBUG 85348 --- [    Test worker] o.h.e.i.AbstractFlushingEventListener    : Flushed: 0 (re)creations, 0 updates, 0 removals to 0 collections
2023-03-18T13:52:51.115+09:00 DEBUG 85348 --- [    Test worker] o.hibernate.internal.util.EntityPrinter  : Listing entities:
2023-03-18T13:52:51.115+09:00 DEBUG 85348 --- [    Test worker] o.hibernate.internal.util.EntityPrinter  : com.example.flowerplatform.repository.entity.AppUser.AppUser{authenticationProvider=GOOGLE, password=null, role=USER, registrationId=111121312312, id=7, email=null}
2023-03-18T13:52:51.115+09:00 DEBUG 85348 --- [    Test worker] o.s.orm.jpa.JpaTransactionManager        : Closing JPA EntityManager [SessionImpl(499416563&lt;open&gt;)] after transaction
2023-03-18T13:52:51.115+09:00 DEBUG 85348 --- [    Test worker] org.springframework.test.context.cache   : Spring test ApplicationContext cache statistics: [DefaultContextCache@5623fd90 size = 2, maxSize = 32, parentContextCount = 0, hitCount = 131, missCount = 2]
2023-03-18T13:52:51.115+09:00 DEBUG 85348 --- [    Test worker] o.s.orm.jpa.JpaTransactionManager        : Creating new transaction with name [org.springframework.data.jpa.repository.support.SimpleJpaRepository.deleteAll]: PROPAGATION_REQUIRED,ISOLATION_DEFAULT
2023-03-18T13:52:51.115+09:00 DEBUG 85348 --- [    Test worker] o.s.orm.jpa.JpaTransactionManager        : Opened new EntityManager [SessionImpl(72600191&lt;open&gt;)] for JPA transaction
2023-03-18T13:52:51.115+09:00 DEBUG 85348 --- [    Test worker] o.h.e.t.internal.TransactionImpl         : On TransactionImpl creation, JpaCompliance#isJpaTransactionComplianceEnabled == false
2023-03-18T13:52:51.115+09:00 DEBUG 85348 --- [    Test worker] o.h.e.t.internal.TransactionImpl         : begin
2023-03-18T13:52:51.115+09:00 DEBUG 85348 --- [    Test worker] o.s.orm.jpa.JpaTransactionManager        : Exposing JPA transaction as JDBC [org.springframework.orm.jpa.vendor.HibernateJpaDialect$HibernateConnectionHandle@5d41b929]
2023-03-18T13:52:51.116+09:00 DEBUG 85348 --- [    Test worker] org.hibernate.orm.sql.ast.create         : Created new SQL alias : a1_0
2023-03-18T13:52:51.116+09:00 DEBUG 85348 --- [    Test worker] org.hibernate.orm.sql.ast.create         : Registration of TableGroup [StandardTableGroup(com.example.flowerplatform.repository.entity.AppUser.AppUser(5302831301916))] with identifierForTableGroup [com.example.flowerplatform.repository.entity.AppUser.AppUser] for NavigablePath [com.example.flowerplatform.repository.entity.AppUser.AppUser] 
2023-03-18T13:52:51.116+09:00 DEBUG 85348 --- [    Test worker] org.hibernate.orm.results.graph.AST      : DomainResult Graph:
 \-EntityResultImpl [com.example.flowerplatform.repository.entity.AppUser.AppUser(5302831301916)]
 |  +-BasicFetch [com.example.flowerplatform.repository.entity.AppUser.AppUser(5302831301916).authenticationProvider]
 |  +-BasicFetch [com.example.flowerplatform.repository.entity.AppUser.AppUser(5302831301916).email]
 |  +-BasicFetch [com.example.flowerplatform.repository.entity.AppUser.AppUser(5302831301916).password]
 |  +-BasicFetch [com.example.flowerplatform.repository.entity.AppUser.AppUser(5302831301916).registrationId]
 |  \-BasicFetch [com.example.flowerplatform.repository.entity.AppUser.AppUser(5302831301916).role]

2023-03-18T13:52:51.116+09:00 DEBUG 85348 --- [    Test worker] org.hibernate.orm.sql.ast.tree           : SQL AST Tree:
    SelectStatement {
      FromClause {
        StandardTableGroup (a1 : com.example.flowerplatform.repository.entity.AppUser.AppUser(5302831301916)) {
          primaryTableReference : users as a1_0
        }
      }
    }

2023-03-18T13:52:51.116+09:00 DEBUG 85348 --- [    Test worker] org.hibernate.orm.sql.exec               : Skipping reading Query result cache data: cache-enabled = false, cache-mode = NORMAL
2023-03-18T13:52:51.116+09:00 DEBUG 85348 --- [    Test worker] org.hibernate.orm.results                : Initializer list
2023-03-18T13:52:51.116+09:00 DEBUG 85348 --- [    Test worker] org.hibernate.orm.results                :     com.example.flowerplatform.repository.entity.AppUser.AppUser(5302831301916) -&gt; EntityResultInitializer(com.example.flowerplatform.repository.entity.AppUser.AppUser(5302831301916))@332911016 (SingleTableEntityPersister(com.example.flowerplatform.repository.entity.AppUser.AppUser))
2023-03-18T13:52:51.116+09:00 DEBUG 85348 --- [    Test worker] org.hibernate.SQL                        : 
    select
        a1_0.user_id,
        a1_0.authentication_provider,
        a1_0.email,
        a1_0.password,
        a1_0.registration_id,
        a1_0.role 
    from
        users a1_0
Hibernate: 
    select
        a1_0.user_id,
        a1_0.authentication_provider,
        a1_0.email,
        a1_0.password,
        a1_0.registration_id,
        a1_0.role 
    from
        users a1_0
2023-03-18T13:52:51.116+09:00 DEBUG 85348 --- [    Test worker] org.hibernate.orm.results                : Extracted JDBC value [0] - [7]
2023-03-18T13:52:51.116+09:00 DEBUG 85348 --- [    Test worker] o.hibernate.orm.results.loading.entity   : (EntityResultInitializer) Hydrated EntityKey (com.example.flowerplatform.repository.entity.AppUser.AppUser(5302831301916)): 7
2023-03-18T13:52:51.116+09:00 DEBUG 85348 --- [    Test worker] o.hibernate.orm.results.loading.entity   : (EntityResultInitializer) Created new entity instance [com.example.flowerplatform.repository.entity.AppUser.AppUser(5302831301916)#7] : AppUser(id=7, email=null, password=null, role=REGISTRATION_NOT_COMPLETE_USER, authenticationProvider=null, registrationId=null)
2023-03-18T13:52:51.116+09:00 DEBUG 85348 --- [    Test worker] org.hibernate.orm.results                : Extracted JDBC value [1] - [GOOGLE]
2023-03-18T13:52:51.117+09:00 DEBUG 85348 --- [    Test worker] org.hibernate.orm.results                : Extracted JDBC value [2] - [null]
2023-03-18T13:52:51.117+09:00 DEBUG 85348 --- [    Test worker] org.hibernate.orm.results                : Extracted JDBC value [3] - [null]
2023-03-18T13:52:51.117+09:00 DEBUG 85348 --- [    Test worker] org.hibernate.orm.results                : Extracted JDBC value [4] - [111121312312]
2023-03-18T13:52:51.117+09:00 DEBUG 85348 --- [    Test worker] org.hibernate.orm.results                : Extracted JDBC value [5] - [USER]
2023-03-18T13:52:51.117+09:00 DEBUG 85348 --- [    Test worker] o.hibernate.orm.results.loading.entity   : (EntityResultInitializer) Done materializing entityInstance : com.example.flowerplatform.repository.entity.AppUser.AppUser(5302831301916)#7
2023-03-18T13:52:51.117+09:00 DEBUG 85348 --- [    Test worker] org.hibernate.orm.results.loading        : Calling top-level assembler (0 / 1) : org.hibernate.sql.results.graph.entity.internal.EntityAssembler@5ed83e36
2023-03-18T13:52:51.117+09:00 DEBUG 85348 --- [    Test worker] o.h.j.internal.PersistenceUnitUtilImpl   : jakarta.persistence.PersistenceUnitUtil.getIdentifier is only intended to work with enhanced entities (although Hibernate also adapts this support to its proxies); however the passed entity was not enhanced (nor a proxy).. may not be able to read identifier
2023-03-18T13:52:51.117+09:00 DEBUG 85348 --- [    Test worker] o.h.j.internal.PersistenceUnitUtilImpl   : jakarta.persistence.PersistenceUnitUtil.getIdentifier is only intended to work with enhanced entities (although Hibernate also adapts this support to its proxies); however the passed entity was not enhanced (nor a proxy).. may not be able to read identifier
2023-03-18T13:52:51.117+09:00 DEBUG 85348 --- [    Test worker] o.s.orm.jpa.JpaTransactionManager        : Initiating transaction commit
2023-03-18T13:52:51.117+09:00 DEBUG 85348 --- [    Test worker] o.s.orm.jpa.JpaTransactionManager        : Committing JPA transaction on EntityManager [SessionImpl(72600191&lt;open&gt;)]
2023-03-18T13:52:51.117+09:00 DEBUG 85348 --- [    Test worker] o.h.e.t.internal.TransactionImpl         : committing
2023-03-18T13:52:51.117+09:00 DEBUG 85348 --- [    Test worker] o.h.e.i.AbstractFlushingEventListener    : Processing flush-time cascades
2023-03-18T13:52:51.117+09:00 DEBUG 85348 --- [    Test worker] o.h.e.i.AbstractFlushingEventListener    : Dirty checking collections
2023-03-18T13:52:51.117+09:00 DEBUG 85348 --- [    Test worker] o.h.e.i.AbstractFlushingEventListener    : Flushed: 0 insertions, 0 updates, 1 deletions to 1 objects
2023-03-18T13:52:51.117+09:00 DEBUG 85348 --- [    Test worker] o.h.e.i.AbstractFlushingEventListener    : Flushed: 0 (re)creations, 0 updates, 0 removals to 0 collections
2023-03-18T13:52:51.117+09:00 DEBUG 85348 --- [    Test worker] o.hibernate.internal.util.EntityPrinter  : Listing entities:
2023-03-18T13:52:51.117+09:00 DEBUG 85348 --- [    Test worker] o.hibernate.internal.util.EntityPrinter  : com.example.flowerplatform.repository.entity.AppUser.AppUser{authenticationProvider=GOOGLE, password=null, role=USER, registrationId=111121312312, id=7, email=null}
2023-03-18T13:52:51.117+09:00 DEBUG 85348 --- [    Test worker] org.hibernate.SQL                        : 
    delete 
    from
        users 
    where
        user_id=?
Hibernate: 
    delete 
    from
        users 
    where
        user_id=?
2023-03-18T13:52:51.118+09:00 DEBUG 85348 --- [    Test worker] o.s.orm.jpa.JpaTransactionManager        : Closing JPA EntityManager [SessionImpl(72600191&lt;open&gt;)] after transaction
2023-03-18T13:52:51.118+09:00 DEBUG 85348 --- [    Test worker] o.h.e.jdbc.internal.JdbcCoordinatorImpl  : HHH000420: Closing un-released batch
2023-03-18T13:52:51.118+09:00 DEBUG 85348 --- [    Test worker] org.springframework.test.context.cache   : Spring test ApplicationContext cache statistics: [DefaultContextCache@5623fd90 size = 2, maxSize = 32, parentContextCount = 0, hitCount = 132, missCount = 2]
2023-03-18T13:52:51.119+09:00 DEBUG 85348 --- [    Test worker] org.springframework.test.context.cache   : Spring test ApplicationContext cache statistics: [DefaultContextCache@5623fd90 size = 2, maxSize = 32, parentContextCount = 0, hitCount = 133, missCount = 2]
2023-03-18T13:52:51.119+09:00 DEBUG 85348 --- [    Test worker] org.springframework.test.context.cache   : Spring test ApplicationContext cache statistics: [DefaultContextCache@5623fd90 size = 2, maxSize = 32, parentContextCount = 0, hitCount = 134, missCount = 2]
2023-03-18T13:52:51.119+09:00 DEBUG 85348 --- [    Test worker] org.springframework.test.context.cache   : Spring test ApplicationContext cache statistics: [DefaultContextCache@5623fd90 size = 2, maxSize = 32, parentContextCount = 0, hitCount = 135, missCount = 2]
2023-03-18T13:52:51.120+09:00 DEBUG 85348 --- [    Test worker] org.springframework.test.context.cache   : Spring test ApplicationContext cache statistics: [DefaultContextCache@5623fd90 size = 2, maxSize = 32, parentContextCount = 0, hitCount = 136, missCount = 2]
2023-03-18T13:52:51.120+09:00 DEBUG 85348 --- [    Test worker] org.springframework.test.context.cache   : Spring test ApplicationContext cache statistics: [DefaultContextCache@5623fd90 size = 2, maxSize = 32, parentContextCount = 0, hitCount = 137, missCount = 2]
2023-03-18T13:52:51.120+09:00 DEBUG 85348 --- [    Test worker] tractDirtiesContextTestExecutionListener : After test method: class [UserServiceImplTest], method [saveExternalUserTest], class annotated with @DirtiesContext [false] with mode [null], method annotated with @DirtiesContext [false] with mode [null]
2023-03-18T13:52:51.120+09:00 DEBUG 85348 --- [    Test worker] o.s.t.c.w.ServletTestExecutionListener   : Resetting RequestContextHolder for test class com.example.flowerplatform.integrationTest.UserServiceImplTest
2023-03-18T13:52:51.120+09:00 DEBUG 85348 --- [    Test worker] org.springframework.test.context.cache   : Spring test ApplicationContext cache statistics: [DefaultContextCache@5623fd90 size = 2, maxSize = 32, parentContextCount = 0, hitCount = 138, missCount = 2]
2023-03-18T13:52:51.120+09:00 DEBUG 85348 --- [    Test worker] o.s.t.c.w.ServletTestExecutionListener   : Setting up MockHttpServletRequest, MockHttpServletResponse, ServletWebRequest, and RequestContextHolder for test class com.example.flowerplatform.integrationTest.UserServiceImplTest
2023-03-18T13:52:51.120+09:00 DEBUG 85348 --- [    Test worker] DependencyInjectionTestExecutionListener : Performing dependency injection for test class com.example.flowerplatform.integrationTest.UserServiceImplTest
2023-03-18T13:52:51.120+09:00 DEBUG 85348 --- [    Test worker] org.springframework.test.context.cache   : Spring test ApplicationContext cache statistics: [DefaultContextCache@5623fd90 size = 2, maxSize = 32, parentContextCount = 0, hitCount = 139, missCount = 2]
2023-03-18T13:52:51.120+09:00 DEBUG 85348 --- [    Test worker] org.springframework.test.context.cache   : Spring test ApplicationContext cache statistics: [DefaultContextCache@5623fd90 size = 2, maxSize = 32, parentContextCount = 0, hitCount = 140, missCount = 2]
2023-03-18T13:52:51.121+09:00 DEBUG 85348 --- [    Test worker] tractDirtiesContextTestExecutionListener : Before test method: class [UserServiceImplTest], method [saveDuplicateUserTest], class annotated with @DirtiesContext [false] with mode [null], method annotated with @DirtiesContext [false] with mode [null]
2023-03-18T13:52:51.121+09:00 DEBUG 85348 --- [    Test worker] org.springframework.test.context.cache   : Spring test ApplicationContext cache statistics: [DefaultContextCache@5623fd90 size = 2, maxSize = 32, parentContextCount = 0, hitCount = 141, missCount = 2]
2023-03-18T13:52:51.121+09:00 DEBUG 85348 --- [    Test worker] org.springframework.test.context.cache   : Spring test ApplicationContext cache statistics: [DefaultContextCache@5623fd90 size = 2, maxSize = 32, parentContextCount = 0, hitCount = 142, missCount = 2]
2023-03-18T13:52:51.122+09:00 DEBUG 85348 --- [    Test worker] o.s.orm.jpa.JpaTransactionManager        : Creating new transaction with name [org.springframework.data.jpa.repository.support.SimpleJpaRepository.deleteAll]: PROPAGATION_REQUIRED,ISOLATION_DEFAULT
2023-03-18T13:52:51.122+09:00 DEBUG 85348 --- [    Test worker] o.s.orm.jpa.JpaTransactionManager        : Opened new EntityManager [SessionImpl(1927581788&lt;open&gt;)] for JPA transaction
2023-03-18T13:52:51.122+09:00 DEBUG 85348 --- [    Test worker] o.h.e.t.internal.TransactionImpl         : On TransactionImpl creation, JpaCompliance#isJpaTransactionComplianceEnabled == false
2023-03-18T13:52:51.122+09:00 DEBUG 85348 --- [    Test worker] o.h.e.t.internal.TransactionImpl         : begin
2023-03-18T13:52:51.122+09:00 DEBUG 85348 --- [    Test worker] o.s.orm.jpa.JpaTransactionManager        : Exposing JPA transaction as JDBC [org.springframework.orm.jpa.vendor.HibernateJpaDialect$HibernateConnectionHandle@279b83ea]
2023-03-18T13:52:51.123+09:00 DEBUG 85348 --- [    Test worker] org.hibernate.orm.sql.ast.create         : Created new SQL alias : a1_0
2023-03-18T13:52:51.123+09:00 DEBUG 85348 --- [    Test worker] org.hibernate.orm.sql.ast.create         : Registration of TableGroup [StandardTableGroup(com.example.flowerplatform.repository.entity.AppUser.AppUser(5302838509583))] with identifierForTableGroup [com.example.flowerplatform.repository.entity.AppUser.AppUser] for NavigablePath [com.example.flowerplatform.repository.entity.AppUser.AppUser] 
2023-03-18T13:52:51.123+09:00 DEBUG 85348 --- [    Test worker] org.hibernate.orm.results.graph.AST      : DomainResult Graph:
 \-EntityResultImpl [com.example.flowerplatform.repository.entity.AppUser.AppUser(5302838509583)]
 |  +-BasicFetch [com.example.flowerplatform.repository.entity.AppUser.AppUser(5302838509583).authenticationProvider]
 |  +-BasicFetch [com.example.flowerplatform.repository.entity.AppUser.AppUser(5302838509583).email]
 |  +-BasicFetch [com.example.flowerplatform.repository.entity.AppUser.AppUser(5302838509583).password]
 |  +-BasicFetch [com.example.flowerplatform.repository.entity.AppUser.AppUser(5302838509583).registrationId]
 |  \-BasicFetch [com.example.flowerplatform.repository.entity.AppUser.AppUser(5302838509583).role]

2023-03-18T13:52:51.123+09:00 DEBUG 85348 --- [    Test worker] org.hibernate.orm.sql.ast.tree           : SQL AST Tree:
    SelectStatement {
      FromClause {
        StandardTableGroup (a1 : com.example.flowerplatform.repository.entity.AppUser.AppUser(5302838509583)) {
          primaryTableReference : users as a1_0
        }
      }
    }

2023-03-18T13:52:51.123+09:00 DEBUG 85348 --- [    Test worker] org.hibernate.orm.sql.exec               : Skipping reading Query result cache data: cache-enabled = false, cache-mode = NORMAL
2023-03-18T13:52:51.123+09:00 DEBUG 85348 --- [    Test worker] org.hibernate.orm.results                : Initializer list
2023-03-18T13:52:51.123+09:00 DEBUG 85348 --- [    Test worker] org.hibernate.orm.results                :     com.example.flowerplatform.repository.entity.AppUser.AppUser(5302838509583) -&gt; EntityResultInitializer(com.example.flowerplatform.repository.entity.AppUser.AppUser(5302838509583))@374209234 (SingleTableEntityPersister(com.example.flowerplatform.repository.entity.AppUser.AppUser))
2023-03-18T13:52:51.123+09:00 DEBUG 85348 --- [    Test worker] org.hibernate.SQL                        : 
    select
        a1_0.user_id,
        a1_0.authentication_provider,
        a1_0.email,
        a1_0.password,
        a1_0.registration_id,
        a1_0.role 
    from
        users a1_0
Hibernate: 
    select
        a1_0.user_id,
        a1_0.authentication_provider,
        a1_0.email,
        a1_0.password,
        a1_0.registration_id,
        a1_0.role 
    from
        users a1_0
2023-03-18T13:52:51.123+09:00 DEBUG 85348 --- [    Test worker] o.s.orm.jpa.JpaTransactionManager        : Initiating transaction commit
2023-03-18T13:52:51.123+09:00 DEBUG 85348 --- [    Test worker] o.s.orm.jpa.JpaTransactionManager        : Committing JPA transaction on EntityManager [SessionImpl(1927581788&lt;open&gt;)]
2023-03-18T13:52:51.124+09:00 DEBUG 85348 --- [    Test worker] o.h.e.t.internal.TransactionImpl         : committing
2023-03-18T13:52:51.124+09:00 DEBUG 85348 --- [    Test worker] o.s.orm.jpa.JpaTransactionManager        : Closing JPA EntityManager [SessionImpl(1927581788&lt;open&gt;)] after transaction
2023-03-18T13:52:51.124+09:00 DEBUG 85348 --- [    Test worker] org.springframework.test.context.cache   : Spring test ApplicationContext cache statistics: [DefaultContextCache@5623fd90 size = 2, maxSize = 32, parentContextCount = 0, hitCount = 143, missCount = 2]
2023-03-18T13:52:51.124+09:00 DEBUG 85348 --- [    Test worker] o.s.orm.jpa.JpaTransactionManager        : Creating new transaction with name [org.springframework.data.jpa.repository.support.SimpleJpaRepository.save]: PROPAGATION_REQUIRED,ISOLATION_DEFAULT
2023-03-18T13:52:51.124+09:00 DEBUG 85348 --- [    Test worker] o.s.orm.jpa.JpaTransactionManager        : Opened new EntityManager [SessionImpl(242971541&lt;open&gt;)] for JPA transaction
2023-03-18T13:52:51.124+09:00 DEBUG 85348 --- [    Test worker] o.h.e.t.internal.TransactionImpl         : On TransactionImpl creation, JpaCompliance#isJpaTransactionComplianceEnabled == false
2023-03-18T13:52:51.124+09:00 DEBUG 85348 --- [    Test worker] o.h.e.t.internal.TransactionImpl         : begin
2023-03-18T13:52:51.124+09:00 DEBUG 85348 --- [    Test worker] o.s.orm.jpa.JpaTransactionManager        : Exposing JPA transaction as JDBC [org.springframework.orm.jpa.vendor.HibernateJpaDialect$HibernateConnectionHandle@383c94ed]
2023-03-18T13:52:51.124+09:00 DEBUG 85348 --- [    Test worker] o.h.j.internal.PersistenceUnitUtilImpl   : jakarta.persistence.PersistenceUnitUtil.getIdentifier is only intended to work with enhanced entities (although Hibernate also adapts this support to its proxies); however the passed entity was not enhanced (nor a proxy).. may not be able to read identifier
2023-03-18T13:52:51.124+09:00 DEBUG 85348 --- [    Test worker] org.hibernate.engine.spi.ActionQueue     : Executing identity-insert immediately
2023-03-18T13:52:51.125+09:00 DEBUG 85348 --- [    Test worker] org.hibernate.SQL                        : 
    insert 
    into
        users
        (user_id, authentication_provider, email, password, registration_id, role) 
    values
        (default, ?, ?, ?, ?, ?)
Hibernate: 
    insert 
    into
        users
        (user_id, authentication_provider, email, password, registration_id, role) 
    values
        (default, ?, ?, ?, ?, ?)
2023-03-18T13:52:51.125+09:00 DEBUG 85348 --- [    Test worker] o.h.id.IdentifierGeneratorHelper         : Natively generated identity: 8
2023-03-18T13:52:51.125+09:00 DEBUG 85348 --- [    Test worker] o.s.orm.jpa.JpaTransactionManager        : Initiating transaction commit
2023-03-18T13:52:51.125+09:00 DEBUG 85348 --- [    Test worker] o.s.orm.jpa.JpaTransactionManager        : Committing JPA transaction on EntityManager [SessionImpl(242971541&lt;open&gt;)]
2023-03-18T13:52:51.125+09:00 DEBUG 85348 --- [    Test worker] o.h.e.t.internal.TransactionImpl         : committing
2023-03-18T13:52:51.125+09:00 DEBUG 85348 --- [    Test worker] o.h.e.i.AbstractFlushingEventListener    : Processing flush-time cascades
2023-03-18T13:52:51.125+09:00 DEBUG 85348 --- [    Test worker] o.h.e.i.AbstractFlushingEventListener    : Dirty checking collections
2023-03-18T13:52:51.125+09:00 DEBUG 85348 --- [    Test worker] o.h.e.i.AbstractFlushingEventListener    : Flushed: 0 insertions, 0 updates, 0 deletions to 1 objects
2023-03-18T13:52:51.125+09:00 DEBUG 85348 --- [    Test worker] o.h.e.i.AbstractFlushingEventListener    : Flushed: 0 (re)creations, 0 updates, 0 removals to 0 collections
2023-03-18T13:52:51.125+09:00 DEBUG 85348 --- [    Test worker] o.hibernate.internal.util.EntityPrinter  : Listing entities:
2023-03-18T13:52:51.125+09:00 DEBUG 85348 --- [    Test worker] o.hibernate.internal.util.EntityPrinter  : com.example.flowerplatform.repository.entity.AppUser.AppUser{authenticationProvider=GOOGLE, password=null, role=USER, registrationId=12312412412, id=8, email=null}
2023-03-18T13:52:51.125+09:00 DEBUG 85348 --- [    Test worker] o.s.orm.jpa.JpaTransactionManager        : Closing JPA EntityManager [SessionImpl(242971541&lt;open&gt;)] after transaction
2023-03-18T13:52:51.125+09:00 DEBUG 85348 --- [    Test worker] o.s.orm.jpa.JpaTransactionManager        : Creating new transaction with name [org.springframework.data.jpa.repository.support.SimpleJpaRepository.save]: PROPAGATION_REQUIRED,ISOLATION_DEFAULT
2023-03-18T13:52:51.125+09:00 DEBUG 85348 --- [    Test worker] o.s.orm.jpa.JpaTransactionManager        : Opened new EntityManager [SessionImpl(893038039&lt;open&gt;)] for JPA transaction
2023-03-18T13:52:51.125+09:00 DEBUG 85348 --- [    Test worker] o.h.e.t.internal.TransactionImpl         : On TransactionImpl creation, JpaCompliance#isJpaTransactionComplianceEnabled == false
2023-03-18T13:52:51.125+09:00 DEBUG 85348 --- [    Test worker] o.h.e.t.internal.TransactionImpl         : begin
2023-03-18T13:52:51.125+09:00 DEBUG 85348 --- [    Test worker] o.s.orm.jpa.JpaTransactionManager        : Exposing JPA transaction as JDBC [org.springframework.orm.jpa.vendor.HibernateJpaDialect$HibernateConnectionHandle@39595a8]
2023-03-18T13:52:51.125+09:00 DEBUG 85348 --- [    Test worker] o.h.j.internal.PersistenceUnitUtilImpl   : jakarta.persistence.PersistenceUnitUtil.getIdentifier is only intended to work with enhanced entities (although Hibernate also adapts this support to its proxies); however the passed entity was not enhanced (nor a proxy).. may not be able to read identifier
2023-03-18T13:52:51.126+09:00 DEBUG 85348 --- [    Test worker] org.hibernate.engine.spi.ActionQueue     : Executing identity-insert immediately
2023-03-18T13:52:51.126+09:00 DEBUG 85348 --- [    Test worker] org.hibernate.SQL                        : 
    insert 
    into
        users
        (user_id, authentication_provider, email, password, registration_id, role) 
    values
        (default, ?, ?, ?, ?, ?)
Hibernate: 
    insert 
    into
        users
        (user_id, authentication_provider, email, password, registration_id, role) 
    values
        (default, ?, ?, ?, ?, ?)
2023-03-18T13:52:51.127+09:00 DEBUG 85348 --- [    Test worker] o.h.engine.jdbc.spi.SqlExceptionHelper   : could not execute statement [n/a]

org.h2.jdbc.JdbcSQLIntegrityConstraintViolationException: Unique index or primary key violation: &quot;PUBLIC.CONSTRAINT_INDEX_4D ON PUBLIC.USERS(AUTHENTICATION_PROVIDER NULLS FIRST, REGISTRATION_ID NULLS FIRST) VALUES ( /* key:8 */ 'GOOGLE', '12312412412')&quot;; SQL statement:
insert into users (user_id, authentication_provider, email, password, registration_id, role) values (default, ?, ?, ?, ?, ?) [23505-214]
	at org.h2.message.DbException.getJdbcSQLException(DbException.java:508) ~[h2-2.1.214.jar:2.1.214]
	at org.h2.message.DbException.getJdbcSQLException(DbException.java:477) ~[h2-2.1.214.jar:2.1.214]
	at org.h2.message.DbException.get(DbException.java:223) ~[h2-2.1.214.jar:2.1.214]
	at org.h2.message.DbException.get(DbException.java:199) ~[h2-2.1.214.jar:2.1.214]
	at org.h2.index.Index.getDuplicateKeyException(Index.java:525) ~[h2-2.1.214.jar:2.1.214]
	at org.h2.mvstore.db.MVSecondaryIndex.checkUnique(MVSecondaryIndex.java:223) ~[h2-2.1.214.jar:2.1.214]
	at org.h2.mvstore.db.MVSecondaryIndex.add(MVSecondaryIndex.java:184) ~[h2-2.1.214.jar:2.1.214]
	at org.h2.mvstore.db.MVTable.addRow(MVTable.java:519) ~[h2-2.1.214.jar:2.1.214]
	at org.h2.command.dml.Insert.insertRows(Insert.java:174) ~[h2-2.1.214.jar:2.1.214]
	at org.h2.command.dml.Insert.update(Insert.java:135) ~[h2-2.1.214.jar:2.1.214]
	at org.h2.command.CommandContainer.executeUpdateWithGeneratedKeys(CommandContainer.java:242) ~[h2-2.1.214.jar:2.1.214]
	at org.h2.command.CommandContainer.update(CommandContainer.java:163) ~[h2-2.1.214.jar:2.1.214]
	at org.h2.command.Command.executeUpdate(Command.java:252) ~[h2-2.1.214.jar:2.1.214]
	at org.h2.jdbc.JdbcPreparedStatement.executeUpdateInternal(JdbcPreparedStatement.java:209) ~[h2-2.1.214.jar:2.1.214]
	at org.h2.jdbc.JdbcPreparedStatement.executeUpdate(JdbcPreparedStatement.java:169) ~[h2-2.1.214.jar:2.1.214]
	at com.zaxxer.hikari.pool.ProxyPreparedStatement.executeUpdate(ProxyPreparedStatement.java:61) ~[HikariCP-5.0.1.jar:na]
	at com.zaxxer.hikari.pool.HikariProxyPreparedStatement.executeUpdate(HikariProxyPreparedStatement.java) ~[HikariCP-5.0.1.jar:na]
	at org.hibernate.engine.jdbc.internal.ResultSetReturnImpl.executeUpdate(ResultSetReturnImpl.java:197) ~[hibernate-core-6.1.7.Final.jar:6.1.7.Final]
	at org.hibernate.dialect.identity.GetGeneratedKeysDelegate.executeAndExtract(GetGeneratedKeysDelegate.java:57) ~[hibernate-core-6.1.7.Final.jar:6.1.7.Final]
	at org.hibernate.id.insert.AbstractReturningDelegate.performInsert(AbstractReturningDelegate.java:42) ~[hibernate-core-6.1.7.Final.jar:6.1.7.Final]
	at org.hibernate.persister.entity.AbstractEntityPersister.insert(AbstractEntityPersister.java:3342) ~[hibernate-core-6.1.7.Final.jar:6.1.7.Final]
	at org.hibernate.persister.entity.AbstractEntityPersister.insert(AbstractEntityPersister.java:3980) ~[hibernate-core-6.1.7.Final.jar:6.1.7.Final]
	at org.hibernate.action.internal.EntityIdentityInsertAction.execute(EntityIdentityInsertAction.java:80) ~[hibernate-core-6.1.7.Final.jar:6.1.7.Final]
	at org.hibernate.engine.spi.ActionQueue.execute(ActionQueue.java:653) ~[hibernate-core-6.1.7.Final.jar:6.1.7.Final]
	at org.hibernate.engine.spi.ActionQueue.addResolvedEntityInsertAction(ActionQueue.java:283) ~[hibernate-core-6.1.7.Final.jar:6.1.7.Final]
	at org.hibernate.engine.spi.ActionQueue.addInsertAction(ActionQueue.java:264) ~[hibernate-core-6.1.7.Final.jar:6.1.7.Final]
	at org.hibernate.engine.spi.ActionQueue.addAction(ActionQueue.java:322) ~[hibernate-core-6.1.7.Final.jar:6.1.7.Final]
	at org.hibernate.event.internal.AbstractSaveEventListener.addInsertAction(AbstractSaveEventListener.java:340) ~[hibernate-core-6.1.7.Final.jar:6.1.7.Final]
	at org.hibernate.event.internal.AbstractSaveEventListener.performSaveOrReplicate(AbstractSaveEventListener.java:286) ~[hibernate-core-6.1.7.Final.jar:6.1.7.Final]
	at org.hibernate.event.internal.AbstractSaveEventListener.performSave(AbstractSaveEventListener.java:192) ~[hibernate-core-6.1.7.Final.jar:6.1.7.Final]
	at org.hibernate.event.internal.AbstractSaveEventListener.saveWithGeneratedId(AbstractSaveEventListener.java:122) ~[hibernate-core-6.1.7.Final.jar:6.1.7.Final]
	at org.hibernate.event.internal.DefaultPersistEventListener.entityIsTransient(DefaultPersistEventListener.java:184) ~[hibernate-core-6.1.7.Final.jar:6.1.7.Final]
	at org.hibernate.event.internal.DefaultPersistEventListener.onPersist(DefaultPersistEventListener.java:129) ~[hibernate-core-6.1.7.Final.jar:6.1.7.Final]
	at org.hibernate.event.internal.DefaultPersistEventListener.onPersist(DefaultPersistEventListener.java:53) ~[hibernate-core-6.1.7.Final.jar:6.1.7.Final]
	at org.hibernate.event.service.internal.EventListenerGroupImpl.fireEventOnEachListener(EventListenerGroupImpl.java:107) ~[hibernate-core-6.1.7.Final.jar:6.1.7.Final]
	at org.hibernate.internal.SessionImpl.firePersist(SessionImpl.java:737) ~[hibernate-core-6.1.7.Final.jar:6.1.7.Final]
	at org.hibernate.internal.SessionImpl.persist(SessionImpl.java:721) ~[hibernate-core-6.1.7.Final.jar:6.1.7.Final]
	at java.base/jdk.internal.reflect.DirectMethodHandleAccessor.invoke(DirectMethodHandleAccessor.java:104) ~[na:na]
	at java.base/java.lang.reflect.Method.invoke(Method.java:578) ~[na:na]
	at org.springframework.orm.jpa.SharedEntityManagerCreator$SharedEntityManagerInvocationHandler.invoke(SharedEntityManagerCreator.java:311) ~[spring-orm-6.0.5.jar:6.0.5]
	at jdk.proxy3/jdk.proxy3.$Proxy147.persist(Unknown Source) ~[na:na]
	at org.springframework.data.jpa.repository.support.SimpleJpaRepository.save(SimpleJpaRepository.java:613) ~[spring-data-jpa-3.0.2.jar:3.0.2]
	at java.base/jdk.internal.reflect.DirectMethodHandleAccessor.invoke(DirectMethodHandleAccessor.java:104) ~[na:na]
	at java.base/java.lang.reflect.Method.invoke(Method.java:578) ~[na:na]
	at org.springframework.data.repository.core.support.RepositoryMethodInvoker$RepositoryFragmentMethodInvoker.lambda$new$0(RepositoryMethodInvoker.java:288) ~[spring-data-commons-3.0.2.jar:3.0.2]
	at org.springframework.data.repository.core.support.RepositoryMethodInvoker.doInvoke(RepositoryMethodInvoker.java:136) ~[spring-data-commons-3.0.2.jar:3.0.2]
	at org.springframework.data.repository.core.support.RepositoryMethodInvoker.invoke(RepositoryMethodInvoker.java:120) ~[spring-data-commons-3.0.2.jar:3.0.2]
	at org.springframework.data.repository.core.support.RepositoryComposition$RepositoryFragments.invoke(RepositoryComposition.java:516) ~[spring-data-commons-3.0.2.jar:3.0.2]
	at org.springframework.data.repository.core.support.RepositoryComposition.invoke(RepositoryComposition.java:285) ~[spring-data-commons-3.0.2.jar:3.0.2]
	at org.springframework.data.repository.core.support.RepositoryFactorySupport$ImplementationMethodExecutionInterceptor.invoke(RepositoryFactorySupport.java:628) ~[spring-data-commons-3.0.2.jar:3.0.2]
	at org.springframework.aop.framework.ReflectiveMethodInvocation.proceed(ReflectiveMethodInvocation.java:184) ~[spring-aop-6.0.5.jar:6.0.5]
	at org.springframework.data.repository.core.support.QueryExecutorMethodInterceptor.doInvoke(QueryExecutorMethodInterceptor.java:168) ~[spring-data-commons-3.0.2.jar:3.0.2]
	at org.springframework.data.repository.core.support.QueryExecutorMethodInterceptor.invoke(QueryExecutorMethodInterceptor.java:143) ~[spring-data-commons-3.0.2.jar:3.0.2]
	at org.springframework.aop.framework.ReflectiveMethodInvocation.proceed(ReflectiveMethodInvocation.java:184) ~[spring-aop-6.0.5.jar:6.0.5]
	at org.springframework.transaction.interceptor.TransactionInterceptor$1.proceedWithInvocation(TransactionInterceptor.java:123) ~[spring-tx-6.0.5.jar:6.0.5]
	at org.springframework.transaction.interceptor.TransactionAspectSupport.invokeWithinTransaction(TransactionAspectSupport.java:390) ~[spring-tx-6.0.5.jar:6.0.5]
	at org.springframework.transaction.interceptor.TransactionInterceptor.invoke(TransactionInterceptor.java:119) ~[spring-tx-6.0.5.jar:6.0.5]
	at org.springframework.aop.framework.ReflectiveMethodInvocation.proceed(ReflectiveMethodInvocation.java:184) ~[spring-aop-6.0.5.jar:6.0.5]
	at org.springframework.dao.support.PersistenceExceptionTranslationInterceptor.invoke(PersistenceExceptionTranslationInterceptor.java:137) ~[spring-tx-6.0.5.jar:6.0.5]
	at org.springframework.aop.framework.ReflectiveMethodInvocation.proceed(ReflectiveMethodInvocation.java:184) ~[spring-aop-6.0.5.jar:6.0.5]
	at org.springframework.data.jpa.repository.support.CrudMethodMetadataPostProcessor$CrudMethodMetadataPopulatingMethodInterceptor.invoke(CrudMethodMetadataPostProcessor.java:163) ~[spring-data-jpa-3.0.2.jar:3.0.2]
	at org.springframework.aop.framework.ReflectiveMethodInvocation.proceed(ReflectiveMethodInvocation.java:184) ~[spring-aop-6.0.5.jar:6.0.5]
	at org.springframework.aop.interceptor.ExposeInvocationInterceptor.invoke(ExposeInvocationInterceptor.java:97) ~[spring-aop-6.0.5.jar:6.0.5]
	at org.springframework.aop.framework.ReflectiveMethodInvocation.proceed(ReflectiveMethodInvocation.java:184) ~[spring-aop-6.0.5.jar:6.0.5]
	at org.springframework.aop.framework.JdkDynamicAopProxy.invoke(JdkDynamicAopProxy.java:218) ~[spring-aop-6.0.5.jar:6.0.5]
	at jdk.proxy3/jdk.proxy3.$Proxy156.save(Unknown Source) ~[na:na]
	at com.example.flowerplatform.service.implementation.UserServiceImpl.saveExternalUser(UserServiceImpl.java:38) ~[main/:na]
	at java.base/jdk.internal.reflect.DirectMethodHandleAccessor.invoke(DirectMethodHandleAccessor.java:104) ~[na:na]
	at java.base/java.lang.reflect.Method.invoke(Method.java:578) ~[na:na]
	at org.springframework.aop.support.AopUtils.invokeJoinpointUsingReflection(AopUtils.java:343) ~[spring-aop-6.0.5.jar:6.0.5]
	at org.springframework.aop.framework.CglibAopProxy$DynamicAdvisedInterceptor.intercept(CglibAopProxy.java:698) ~[spring-aop-6.0.5.jar:6.0.5]
	at com.example.flowerplatform.service.implementation.UserServiceImpl$$SpringCGLIB$$0.saveExternalUser(&lt;generated&gt;) ~[main/:na]
	at com.example.flowerplatform.integrationTest.UserServiceImplTest.saveExternalUserAndTest(UserServiceImplTest.java:42) ~[test/:na]
	at com.example.flowerplatform.integrationTest.UserServiceImplTest.lambda$saveDuplicateUserTest$0(UserServiceImplTest.java:105) ~[test/:na]
	at org.junit.Assert.assertThrows(Assert.java:1001) ~[junit-4.13.2.jar:4.13.2]
	at org.junit.Assert.assertThrows(Assert.java:981) ~[junit-4.13.2.jar:4.13.2]
	at com.example.flowerplatform.integrationTest.UserServiceImplTest.saveDuplicateUserTest(UserServiceImplTest.java:103) ~[test/:na]
	at java.base/jdk.internal.reflect.DirectMethodHandleAccessor.invoke(DirectMethodHandleAccessor.java:104) ~[na:na]
	at java.base/java.lang.reflect.Method.invoke(Method.java:578) ~[na:na]
	at org.junit.platform.commons.util.ReflectionUtils.invokeMethod(ReflectionUtils.java:727) ~[junit-platform-commons-1.9.2.jar:1.9.2]
	at org.junit.jupiter.engine.execution.MethodInvocation.proceed(MethodInvocation.java:60) ~[junit-jupiter-engine-5.9.2.jar:5.9.2]
	at org.junit.jupiter.engine.execution.InvocationInterceptorChain$ValidatingInvocation.proceed(InvocationInterceptorChain.java:131) ~[junit-jupiter-engine-5.9.2.jar:5.9.2]
	at org.junit.jupiter.engine.extension.TimeoutExtension.intercept(TimeoutExtension.java:156) ~[junit-jupiter-engine-5.9.2.jar:5.9.2]
	at org.junit.jupiter.engine.extension.TimeoutExtension.interceptTestableMethod(TimeoutExtension.java:147) ~[junit-jupiter-engine-5.9.2.jar:5.9.2]
	at org.junit.jupiter.engine.extension.TimeoutExtension.interceptTestMethod(TimeoutExtension.java:86) ~[junit-jupiter-engine-5.9.2.jar:5.9.2]
	at org.junit.jupiter.engine.execution.InterceptingExecutableInvoker$ReflectiveInterceptorCall.lambda$ofVoidMethod$0(InterceptingExecutableInvoker.java:103) ~[junit-jupiter-engine-5.9.2.jar:5.9.2]
	at org.junit.jupiter.engine.execution.InterceptingExecutableInvoker.lambda$invoke$0(InterceptingExecutableInvoker.java:93) ~[junit-jupiter-engine-5.9.2.jar:5.9.2]
	at org.junit.jupiter.engine.execution.InvocationInterceptorChain$InterceptedInvocation.proceed(InvocationInterceptorChain.java:106) ~[junit-jupiter-engine-5.9.2.jar:5.9.2]
	at org.junit.jupiter.engine.execution.InvocationInterceptorChain.proceed(InvocationInterceptorChain.java:64) ~[junit-jupiter-engine-5.9.2.jar:5.9.2]
	at org.junit.jupiter.engine.execution.InvocationInterceptorChain.chainAndInvoke(InvocationInterceptorChain.java:45) ~[junit-jupiter-engine-5.9.2.jar:5.9.2]
	at org.junit.jupiter.engine.execution.InvocationInterceptorChain.invoke(InvocationInterceptorChain.java:37) ~[junit-jupiter-engine-5.9.2.jar:5.9.2]
	at org.junit.jupiter.engine.execution.InterceptingExecutableInvoker.invoke(InterceptingExecutableInvoker.java:92) ~[junit-jupiter-engine-5.9.2.jar:5.9.2]
	at org.junit.jupiter.engine.execution.InterceptingExecutableInvoker.invoke(InterceptingExecutableInvoker.java:86) ~[junit-jupiter-engine-5.9.2.jar:5.9.2]
	at org.junit.jupiter.engine.descriptor.TestMethodTestDescriptor.lambda$invokeTestMethod$7(TestMethodTestDescriptor.java:217) ~[junit-jupiter-engine-5.9.2.jar:5.9.2]
	at org.junit.platform.engine.support.hierarchical.ThrowableCollector.execute(ThrowableCollector.java:73) ~[junit-platform-engine-1.9.2.jar:1.9.2]
	at org.junit.jupiter.engine.descriptor.TestMethodTestDescriptor.invokeTestMethod(TestMethodTestDescriptor.java:213) ~[junit-jupiter-engine-5.9.2.jar:5.9.2]
	at org.junit.jupiter.engine.descriptor.TestMethodTestDescriptor.execute(TestMethodTestDescriptor.java:138) ~[junit-jupiter-engine-5.9.2.jar:5.9.2]
	at org.junit.jupiter.engine.descriptor.TestMethodTestDescriptor.execute(TestMethodTestDescriptor.java:68) ~[junit-jupiter-engine-5.9.2.jar:5.9.2]
	at org.junit.platform.engine.support.hierarchical.NodeTestTask.lambda$executeRecursively$6(NodeTestTask.java:151) ~[junit-platform-engine-1.9.2.jar:1.9.2]
	at org.junit.platform.engine.support.hierarchical.ThrowableCollector.execute(ThrowableCollector.java:73) ~[junit-platform-engine-1.9.2.jar:1.9.2]
	at org.junit.platform.engine.support.hierarchical.NodeTestTask.lambda$executeRecursively$8(NodeTestTask.java:141) ~[junit-platform-engine-1.9.2.jar:1.9.2]
	at org.junit.platform.engine.support.hierarchical.Node.around(Node.java:137) ~[junit-platform-engine-1.9.2.jar:1.9.2]
	at org.junit.platform.engine.support.hierarchical.NodeTestTask.lambda$executeRecursively$9(NodeTestTask.java:139) ~[junit-platform-engine-1.9.2.jar:1.9.2]
	at org.junit.platform.engine.support.hierarchical.ThrowableCollector.execute(ThrowableCollector.java:73) ~[junit-platform-engine-1.9.2.jar:1.9.2]
	at org.junit.platform.engine.support.hierarchical.NodeTestTask.executeRecursively(NodeTestTask.java:138) ~[junit-platform-engine-1.9.2.jar:1.9.2]
	at org.junit.platform.engine.support.hierarchical.NodeTestTask.execute(NodeTestTask.java:95) ~[junit-platform-engine-1.9.2.jar:1.9.2]
	at java.base/java.util.ArrayList.forEach(ArrayList.java:1511) ~[na:na]
	at org.junit.platform.engine.support.hierarchical.SameThreadHierarchicalTestExecutorService.invokeAll(SameThreadHierarchicalTestExecutorService.java:41) ~[junit-platform-engine-1.9.2.jar:1.9.2]
	at org.junit.platform.engine.support.hierarchical.NodeTestTask.lambda$executeRecursively$6(NodeTestTask.java:155) ~[junit-platform-engine-1.9.2.jar:1.9.2]
	at org.junit.platform.engine.support.hierarchical.ThrowableCollector.execute(ThrowableCollector.java:73) ~[junit-platform-engine-1.9.2.jar:1.9.2]
	at org.junit.platform.engine.support.hierarchical.NodeTestTask.lambda$executeRecursively$8(NodeTestTask.java:141) ~[junit-platform-engine-1.9.2.jar:1.9.2]
	at org.junit.platform.engine.support.hierarchical.Node.around(Node.java:137) ~[junit-platform-engine-1.9.2.jar:1.9.2]
	at org.junit.platform.engine.support.hierarchical.NodeTestTask.lambda$executeRecursively$9(NodeTestTask.java:139) ~[junit-platform-engine-1.9.2.jar:1.9.2]
	at org.junit.platform.engine.support.hierarchical.ThrowableCollector.execute(ThrowableCollector.java:73) ~[junit-platform-engine-1.9.2.jar:1.9.2]
	at org.junit.platform.engine.support.hierarchical.NodeTestTask.executeRecursively(NodeTestTask.java:138) ~[junit-platform-engine-1.9.2.jar:1.9.2]
	at org.junit.platform.engine.support.hierarchical.NodeTestTask.execute(NodeTestTask.java:95) ~[junit-platform-engine-1.9.2.jar:1.9.2]
	at java.base/java.util.ArrayList.forEach(ArrayList.java:1511) ~[na:na]
	at org.junit.platform.engine.support.hierarchical.SameThreadHierarchicalTestExecutorService.invokeAll(SameThreadHierarchicalTestExecutorService.java:41) ~[junit-platform-engine-1.9.2.jar:1.9.2]
	at org.junit.platform.engine.support.hierarchical.NodeTestTask.lambda$executeRecursively$6(NodeTestTask.java:155) ~[junit-platform-engine-1.9.2.jar:1.9.2]
	at org.junit.platform.engine.support.hierarchical.ThrowableCollector.execute(ThrowableCollector.java:73) ~[junit-platform-engine-1.9.2.jar:1.9.2]
	at org.junit.platform.engine.support.hierarchical.NodeTestTask.lambda$executeRecursively$8(NodeTestTask.java:141) ~[junit-platform-engine-1.9.2.jar:1.9.2]
	at org.junit.platform.engine.support.hierarchical.Node.around(Node.java:137) ~[junit-platform-engine-1.9.2.jar:1.9.2]
	at org.junit.platform.engine.support.hierarchical.NodeTestTask.lambda$executeRecursively$9(NodeTestTask.java:139) ~[junit-platform-engine-1.9.2.jar:1.9.2]
	at org.junit.platform.engine.support.hierarchical.ThrowableCollector.execute(ThrowableCollector.java:73) ~[junit-platform-engine-1.9.2.jar:1.9.2]
	at org.junit.platform.engine.support.hierarchical.NodeTestTask.executeRecursively(NodeTestTask.java:138) ~[junit-platform-engine-1.9.2.jar:1.9.2]
	at org.junit.platform.engine.support.hierarchical.NodeTestTask.execute(NodeTestTask.java:95) ~[junit-platform-engine-1.9.2.jar:1.9.2]
	at org.junit.platform.engine.support.hierarchical.SameThreadHierarchicalTestExecutorService.submit(SameThreadHierarchicalTestExecutorService.java:35) ~[junit-platform-engine-1.9.2.jar:1.9.2]
	at org.junit.platform.engine.support.hierarchical.HierarchicalTestExecutor.execute(HierarchicalTestExecutor.java:57) ~[junit-platform-engine-1.9.2.jar:1.9.2]
	at org.junit.platform.engine.support.hierarchical.HierarchicalTestEngine.execute(HierarchicalTestEngine.java:54) ~[junit-platform-engine-1.9.2.jar:1.9.2]
	at org.junit.platform.launcher.core.EngineExecutionOrchestrator.execute(EngineExecutionOrchestrator.java:107) ~[junit-platform-launcher-1.8.2.jar:1.8.2]
	at org.junit.platform.launcher.core.EngineExecutionOrchestrator.execute(EngineExecutionOrchestrator.java:88) ~[junit-platform-launcher-1.8.2.jar:1.8.2]
	at org.junit.platform.launcher.core.EngineExecutionOrchestrator.lambda$execute$0(EngineExecutionOrchestrator.java:54) ~[junit-platform-launcher-1.8.2.jar:1.8.2]
	at org.junit.platform.launcher.core.EngineExecutionOrchestrator.withInterceptedStreams(EngineExecutionOrchestrator.java:67) ~[junit-platform-launcher-1.8.2.jar:1.8.2]
	at org.junit.platform.launcher.core.EngineExecutionOrchestrator.execute(EngineExecutionOrchestrator.java:52) ~[junit-platform-launcher-1.8.2.jar:1.8.2]
	at org.junit.platform.launcher.core.DefaultLauncher.execute(DefaultLauncher.java:114) ~[junit-platform-launcher-1.8.2.jar:1.8.2]
	at org.junit.platform.launcher.core.DefaultLauncher.execute(DefaultLauncher.java:86) ~[junit-platform-launcher-1.8.2.jar:1.8.2]
	at org.junit.platform.launcher.core.DefaultLauncherSession$DelegatingLauncher.execute(DefaultLauncherSession.java:86) ~[junit-platform-launcher-1.8.2.jar:1.8.2]
	at org.gradle.api.internal.tasks.testing.junitplatform.JUnitPlatformTestClassProcessor$CollectAllTestClassesExecutor.processAllTestClasses(JUnitPlatformTestClassProcessor.java:110) ~[na:na]
	at org.gradle.api.internal.tasks.testing.junitplatform.JUnitPlatformTestClassProcessor$CollectAllTestClassesExecutor.access$000(JUnitPlatformTestClassProcessor.java:90) ~[na:na]
	at org.gradle.api.internal.tasks.testing.junitplatform.JUnitPlatformTestClassProcessor.stop(JUnitPlatformTestClassProcessor.java:85) ~[na:na]
	at org.gradle.api.internal.tasks.testing.SuiteTestClassProcessor.stop(SuiteTestClassProcessor.java:62) ~[na:na]
	at java.base/jdk.internal.reflect.DirectMethodHandleAccessor.invoke(DirectMethodHandleAccessor.java:104) ~[na:na]
	at java.base/java.lang.reflect.Method.invoke(Method.java:578) ~[na:na]
	at org.gradle.internal.dispatch.ReflectionDispatch.dispatch(ReflectionDispatch.java:36) ~[na:na]
	at org.gradle.internal.dispatch.ReflectionDispatch.dispatch(ReflectionDispatch.java:24) ~[na:na]
	at org.gradle.internal.dispatch.ContextClassLoaderDispatch.dispatch(ContextClassLoaderDispatch.java:33) ~[na:na]
	at org.gradle.internal.dispatch.ProxyDispatchAdapter$DispatchingInvocationHandler.invoke(ProxyDispatchAdapter.java:94) ~[na:na]
	at jdk.proxy1/jdk.proxy1.$Proxy2.stop(Unknown Source) ~[na:na]
	at org.gradle.api.internal.tasks.testing.worker.TestWorker$3.run(TestWorker.java:193) ~[na:na]
	at org.gradle.api.internal.tasks.testing.worker.TestWorker.executeAndMaintainThreadName(TestWorker.java:129) ~[na:na]
	at org.gradle.api.internal.tasks.testing.worker.TestWorker.execute(TestWorker.java:100) ~[na:na]
	at org.gradle.api.internal.tasks.testing.worker.TestWorker.execute(TestWorker.java:60) ~[na:na]
	at org.gradle.process.internal.worker.child.ActionExecutionWorker.execute(ActionExecutionWorker.java:56) ~[na:na]
	at org.gradle.process.internal.worker.child.SystemApplicationClassLoaderWorker.call(SystemApplicationClassLoaderWorker.java:113) ~[na:na]
	at org.gradle.process.internal.worker.child.SystemApplicationClassLoaderWorker.call(SystemApplicationClassLoaderWorker.java:65) ~[na:na]
	at worker.org.gradle.process.internal.worker.GradleWorkerMain.run(GradleWorkerMain.java:69) ~[gradle-worker.jar:na]
	at worker.org.gradle.process.internal.worker.GradleWorkerMain.main(GradleWorkerMain.java:74) ~[gradle-worker.jar:na]

2023-03-18T13:52:51.130+09:00  WARN 85348 --- [    Test worker] o.h.engine.jdbc.spi.SqlExceptionHelper   : SQL Error: 23505, SQLState: 23505
2023-03-18T13:52:51.130+09:00 ERROR 85348 --- [    Test worker] o.h.engine.jdbc.spi.SqlExceptionHelper   : Unique index or primary key violation: &quot;PUBLIC.CONSTRAINT_INDEX_4D ON PUBLIC.USERS(AUTHENTICATION_PROVIDER NULLS FIRST, REGISTRATION_ID NULLS FIRST) VALUES ( /* key:8 */ 'GOOGLE', '12312412412')&quot;; SQL statement:
insert into users (user_id, authentication_provider, email, password, registration_id, role) values (default, ?, ?, ?, ?, ?) [23505-214]
2023-03-18T13:52:51.131+09:00 DEBUG 85348 --- [    Test worker] cResourceLocalTransactionCoordinatorImpl : JDBC transaction marked for rollback-only (exception provided for stack trace)

java.lang.Exception: exception just for purpose of providing stack trace
	at org.hibernate.resource.transaction.backend.jdbc.internal.JdbcResourceLocalTransactionCoordinatorImpl$TransactionDriverControlImpl.markRollbackOnly(JdbcResourceLocalTransactionCoordinatorImpl.java:324) ~[hibernate-core-6.1.7.Final.jar:6.1.7.Final]
	at org.hibernate.engine.transaction.internal.TransactionImpl.markRollbackOnly(TransactionImpl.java:203) ~[hibernate-core-6.1.7.Final.jar:6.1.7.Final]
	at org.hibernate.internal.AbstractSharedSessionContract.markForRollbackOnly(AbstractSharedSessionContract.java:434) ~[hibernate-core-6.1.7.Final.jar:6.1.7.Final]
	at org.hibernate.internal.ExceptionConverterImpl.handlePersistenceException(ExceptionConverterImpl.java:291) ~[hibernate-core-6.1.7.Final.jar:6.1.7.Final]
	at org.hibernate.internal.ExceptionConverterImpl.convert(ExceptionConverterImpl.java:168) ~[hibernate-core-6.1.7.Final.jar:6.1.7.Final]
	at org.hibernate.internal.ExceptionConverterImpl.convert(ExceptionConverterImpl.java:175) ~[hibernate-core-6.1.7.Final.jar:6.1.7.Final]
	at org.hibernate.internal.ExceptionConverterImpl.convert(ExceptionConverterImpl.java:182) ~[hibernate-core-6.1.7.Final.jar:6.1.7.Final]
	at org.hibernate.internal.SessionImpl.firePersist(SessionImpl.java:743) ~[hibernate-core-6.1.7.Final.jar:6.1.7.Final]
	at org.hibernate.internal.SessionImpl.persist(SessionImpl.java:721) ~[hibernate-core-6.1.7.Final.jar:6.1.7.Final]
	at java.base/jdk.internal.reflect.DirectMethodHandleAccessor.invoke(DirectMethodHandleAccessor.java:104) ~[na:na]
	at java.base/java.lang.reflect.Method.invoke(Method.java:578) ~[na:na]
	at org.springframework.orm.jpa.SharedEntityManagerCreator$SharedEntityManagerInvocationHandler.invoke(SharedEntityManagerCreator.java:311) ~[spring-orm-6.0.5.jar:6.0.5]
	at jdk.proxy3/jdk.proxy3.$Proxy147.persist(Unknown Source) ~[na:na]
	at org.springframework.data.jpa.repository.support.SimpleJpaRepository.save(SimpleJpaRepository.java:613) ~[spring-data-jpa-3.0.2.jar:3.0.2]
	at java.base/jdk.internal.reflect.DirectMethodHandleAccessor.invoke(DirectMethodHandleAccessor.java:104) ~[na:na]
	at java.base/java.lang.reflect.Method.invoke(Method.java:578) ~[na:na]
	at org.springframework.data.repository.core.support.RepositoryMethodInvoker$RepositoryFragmentMethodInvoker.lambda$new$0(RepositoryMethodInvoker.java:288) ~[spring-data-commons-3.0.2.jar:3.0.2]
	at org.springframework.data.repository.core.support.RepositoryMethodInvoker.doInvoke(RepositoryMethodInvoker.java:136) ~[spring-data-commons-3.0.2.jar:3.0.2]
	at org.springframework.data.repository.core.support.RepositoryMethodInvoker.invoke(RepositoryMethodInvoker.java:120) ~[spring-data-commons-3.0.2.jar:3.0.2]
	at org.springframework.data.repository.core.support.RepositoryComposition$RepositoryFragments.invoke(RepositoryComposition.java:516) ~[spring-data-commons-3.0.2.jar:3.0.2]
	at org.springframework.data.repository.core.support.RepositoryComposition.invoke(RepositoryComposition.java:285) ~[spring-data-commons-3.0.2.jar:3.0.2]
	at org.springframework.data.repository.core.support.RepositoryFactorySupport$ImplementationMethodExecutionInterceptor.invoke(RepositoryFactorySupport.java:628) ~[spring-data-commons-3.0.2.jar:3.0.2]
	at org.springframework.aop.framework.ReflectiveMethodInvocation.proceed(ReflectiveMethodInvocation.java:184) ~[spring-aop-6.0.5.jar:6.0.5]
	at org.springframework.data.repository.core.support.QueryExecutorMethodInterceptor.doInvoke(QueryExecutorMethodInterceptor.java:168) ~[spring-data-commons-3.0.2.jar:3.0.2]
	at org.springframework.data.repository.core.support.QueryExecutorMethodInterceptor.invoke(QueryExecutorMethodInterceptor.java:143) ~[spring-data-commons-3.0.2.jar:3.0.2]
	at org.springframework.aop.framework.ReflectiveMethodInvocation.proceed(ReflectiveMethodInvocation.java:184) ~[spring-aop-6.0.5.jar:6.0.5]
	at org.springframework.transaction.interceptor.TransactionInterceptor$1.proceedWithInvocation(TransactionInterceptor.java:123) ~[spring-tx-6.0.5.jar:6.0.5]
	at org.springframework.transaction.interceptor.TransactionAspectSupport.invokeWithinTransaction(TransactionAspectSupport.java:390) ~[spring-tx-6.0.5.jar:6.0.5]
	at org.springframework.transaction.interceptor.TransactionInterceptor.invoke(TransactionInterceptor.java:119) ~[spring-tx-6.0.5.jar:6.0.5]
	at org.springframework.aop.framework.ReflectiveMethodInvocation.proceed(ReflectiveMethodInvocation.java:184) ~[spring-aop-6.0.5.jar:6.0.5]
	at org.springframework.dao.support.PersistenceExceptionTranslationInterceptor.invoke(PersistenceExceptionTranslationInterceptor.java:137) ~[spring-tx-6.0.5.jar:6.0.5]
	at org.springframework.aop.framework.ReflectiveMethodInvocation.proceed(ReflectiveMethodInvocation.java:184) ~[spring-aop-6.0.5.jar:6.0.5]
	at org.springframework.data.jpa.repository.support.CrudMethodMetadataPostProcessor$CrudMethodMetadataPopulatingMethodInterceptor.invoke(CrudMethodMetadataPostProcessor.java:163) ~[spring-data-jpa-3.0.2.jar:3.0.2]
	at org.springframework.aop.framework.ReflectiveMethodInvocation.proceed(ReflectiveMethodInvocation.java:184) ~[spring-aop-6.0.5.jar:6.0.5]
	at org.springframework.aop.interceptor.ExposeInvocationInterceptor.invoke(ExposeInvocationInterceptor.java:97) ~[spring-aop-6.0.5.jar:6.0.5]
	at org.springframework.aop.framework.ReflectiveMethodInvocation.proceed(ReflectiveMethodInvocation.java:184) ~[spring-aop-6.0.5.jar:6.0.5]
	at org.springframework.aop.framework.JdkDynamicAopProxy.invoke(JdkDynamicAopProxy.java:218) ~[spring-aop-6.0.5.jar:6.0.5]
	at jdk.proxy3/jdk.proxy3.$Proxy156.save(Unknown Source) ~[na:na]
	at com.example.flowerplatform.service.implementation.UserServiceImpl.saveExternalUser(UserServiceImpl.java:38) ~[main/:na]
	at java.base/jdk.internal.reflect.DirectMethodHandleAccessor.invoke(DirectMethodHandleAccessor.java:104) ~[na:na]
	at java.base/java.lang.reflect.Method.invoke(Method.java:578) ~[na:na]
	at org.springframework.aop.support.AopUtils.invokeJoinpointUsingReflection(AopUtils.java:343) ~[spring-aop-6.0.5.jar:6.0.5]
	at org.springframework.aop.framework.CglibAopProxy$DynamicAdvisedInterceptor.intercept(CglibAopProxy.java:698) ~[spring-aop-6.0.5.jar:6.0.5]
	at com.example.flowerplatform.service.implementation.UserServiceImpl$$SpringCGLIB$$0.saveExternalUser(&lt;generated&gt;) ~[main/:na]
	at com.example.flowerplatform.integrationTest.UserServiceImplTest.saveExternalUserAndTest(UserServiceImplTest.java:42) ~[test/:na]
	at com.example.flowerplatform.integrationTest.UserServiceImplTest.lambda$saveDuplicateUserTest$0(UserServiceImplTest.java:105) ~[test/:na]
	at org.junit.Assert.assertThrows(Assert.java:1001) ~[junit-4.13.2.jar:4.13.2]
	at org.junit.Assert.assertThrows(Assert.java:981) ~[junit-4.13.2.jar:4.13.2]
	at com.example.flowerplatform.integrationTest.UserServiceImplTest.saveDuplicateUserTest(UserServiceImplTest.java:103) ~[test/:na]
	at java.base/jdk.internal.reflect.DirectMethodHandleAccessor.invoke(DirectMethodHandleAccessor.java:104) ~[na:na]
	at java.base/java.lang.reflect.Method.invoke(Method.java:578) ~[na:na]
	at org.junit.platform.commons.util.ReflectionUtils.invokeMethod(ReflectionUtils.java:727) ~[junit-platform-commons-1.9.2.jar:1.9.2]
	at org.junit.jupiter.engine.execution.MethodInvocation.proceed(MethodInvocation.java:60) ~[junit-jupiter-engine-5.9.2.jar:5.9.2]
	at org.junit.jupiter.engine.execution.InvocationInterceptorChain$ValidatingInvocation.proceed(InvocationInterceptorChain.java:131) ~[junit-jupiter-engine-5.9.2.jar:5.9.2]
	at org.junit.jupiter.engine.extension.TimeoutExtension.intercept(TimeoutExtension.java:156) ~[junit-jupiter-engine-5.9.2.jar:5.9.2]
	at org.junit.jupiter.engine.extension.TimeoutExtension.interceptTestableMethod(TimeoutExtension.java:147) ~[junit-jupiter-engine-5.9.2.jar:5.9.2]
	at org.junit.jupiter.engine.extension.TimeoutExtension.interceptTestMethod(TimeoutExtension.java:86) ~[junit-jupiter-engine-5.9.2.jar:5.9.2]
	at org.junit.jupiter.engine.execution.InterceptingExecutableInvoker$ReflectiveInterceptorCall.lambda$ofVoidMethod$0(InterceptingExecutableInvoker.java:103) ~[junit-jupiter-engine-5.9.2.jar:5.9.2]
	at org.junit.jupiter.engine.execution.InterceptingExecutableInvoker.lambda$invoke$0(InterceptingExecutableInvoker.java:93) ~[junit-jupiter-engine-5.9.2.jar:5.9.2]
	at org.junit.jupiter.engine.execution.InvocationInterceptorChain$InterceptedInvocation.proceed(InvocationInterceptorChain.java:106) ~[junit-jupiter-engine-5.9.2.jar:5.9.2]
	at org.junit.jupiter.engine.execution.InvocationInterceptorChain.proceed(InvocationInterceptorChain.java:64) ~[junit-jupiter-engine-5.9.2.jar:5.9.2]
	at org.junit.jupiter.engine.execution.InvocationInterceptorChain.chainAndInvoke(InvocationInterceptorChain.java:45) ~[junit-jupiter-engine-5.9.2.jar:5.9.2]
	at org.junit.jupiter.engine.execution.InvocationInterceptorChain.invoke(InvocationInterceptorChain.java:37) ~[junit-jupiter-engine-5.9.2.jar:5.9.2]
	at org.junit.jupiter.engine.execution.InterceptingExecutableInvoker.invoke(InterceptingExecutableInvoker.java:92) ~[junit-jupiter-engine-5.9.2.jar:5.9.2]
	at org.junit.jupiter.engine.execution.InterceptingExecutableInvoker.invoke(InterceptingExecutableInvoker.java:86) ~[junit-jupiter-engine-5.9.2.jar:5.9.2]
	at org.junit.jupiter.engine.descriptor.TestMethodTestDescriptor.lambda$invokeTestMethod$7(TestMethodTestDescriptor.java:217) ~[junit-jupiter-engine-5.9.2.jar:5.9.2]
	at org.junit.platform.engine.support.hierarchical.ThrowableCollector.execute(ThrowableCollector.java:73) ~[junit-platform-engine-1.9.2.jar:1.9.2]
	at org.junit.jupiter.engine.descriptor.TestMethodTestDescriptor.invokeTestMethod(TestMethodTestDescriptor.java:213) ~[junit-jupiter-engine-5.9.2.jar:5.9.2]
	at org.junit.jupiter.engine.descriptor.TestMethodTestDescriptor.execute(TestMethodTestDescriptor.java:138) ~[junit-jupiter-engine-5.9.2.jar:5.9.2]
	at org.junit.jupiter.engine.descriptor.TestMethodTestDescriptor.execute(TestMethodTestDescriptor.java:68) ~[junit-jupiter-engine-5.9.2.jar:5.9.2]
	at org.junit.platform.engine.support.hierarchical.NodeTestTask.lambda$executeRecursively$6(NodeTestTask.java:151) ~[junit-platform-engine-1.9.2.jar:1.9.2]
	at org.junit.platform.engine.support.hierarchical.ThrowableCollector.execute(ThrowableCollector.java:73) ~[junit-platform-engine-1.9.2.jar:1.9.2]
	at org.junit.platform.engine.support.hierarchical.NodeTestTask.lambda$executeRecursively$8(NodeTestTask.java:141) ~[junit-platform-engine-1.9.2.jar:1.9.2]
	at org.junit.platform.engine.support.hierarchical.Node.around(Node.java:137) ~[junit-platform-engine-1.9.2.jar:1.9.2]
	at org.junit.platform.engine.support.hierarchical.NodeTestTask.lambda$executeRecursively$9(NodeTestTask.java:139) ~[junit-platform-engine-1.9.2.jar:1.9.2]
	at org.junit.platform.engine.support.hierarchical.ThrowableCollector.execute(ThrowableCollector.java:73) ~[junit-platform-engine-1.9.2.jar:1.9.2]
	at org.junit.platform.engine.support.hierarchical.NodeTestTask.executeRecursively(NodeTestTask.java:138) ~[junit-platform-engine-1.9.2.jar:1.9.2]
	at org.junit.platform.engine.support.hierarchical.NodeTestTask.execute(NodeTestTask.java:95) ~[junit-platform-engine-1.9.2.jar:1.9.2]
	at java.base/java.util.ArrayList.forEach(ArrayList.java:1511) ~[na:na]
	at org.junit.platform.engine.support.hierarchical.SameThreadHierarchicalTestExecutorService.invokeAll(SameThreadHierarchicalTestExecutorService.java:41) ~[junit-platform-engine-1.9.2.jar:1.9.2]
	at org.junit.platform.engine.support.hierarchical.NodeTestTask.lambda$executeRecursively$6(NodeTestTask.java:155) ~[junit-platform-engine-1.9.2.jar:1.9.2]
	at org.junit.platform.engine.support.hierarchical.ThrowableCollector.execute(ThrowableCollector.java:73) ~[junit-platform-engine-1.9.2.jar:1.9.2]
	at org.junit.platform.engine.support.hierarchical.NodeTestTask.lambda$executeRecursively$8(NodeTestTask.java:141) ~[junit-platform-engine-1.9.2.jar:1.9.2]
	at org.junit.platform.engine.support.hierarchical.Node.around(Node.java:137) ~[junit-platform-engine-1.9.2.jar:1.9.2]
	at org.junit.platform.engine.support.hierarchical.NodeTestTask.lambda$executeRecursively$9(NodeTestTask.java:139) ~[junit-platform-engine-1.9.2.jar:1.9.2]
	at org.junit.platform.engine.support.hierarchical.ThrowableCollector.execute(ThrowableCollector.java:73) ~[junit-platform-engine-1.9.2.jar:1.9.2]
	at org.junit.platform.engine.support.hierarchical.NodeTestTask.executeRecursively(NodeTestTask.java:138) ~[junit-platform-engine-1.9.2.jar:1.9.2]
	at org.junit.platform.engine.support.hierarchical.NodeTestTask.execute(NodeTestTask.java:95) ~[junit-platform-engine-1.9.2.jar:1.9.2]
	at java.base/java.util.ArrayList.forEach(ArrayList.java:1511) ~[na:na]
	at org.junit.platform.engine.support.hierarchical.SameThreadHierarchicalTestExecutorService.invokeAll(SameThreadHierarchicalTestExecutorService.java:41) ~[junit-platform-engine-1.9.2.jar:1.9.2]
	at org.junit.platform.engine.support.hierarchical.NodeTestTask.lambda$executeRecursively$6(NodeTestTask.java:155) ~[junit-platform-engine-1.9.2.jar:1.9.2]
	at org.junit.platform.engine.support.hierarchical.ThrowableCollector.execute(ThrowableCollector.java:73) ~[junit-platform-engine-1.9.2.jar:1.9.2]
	at org.junit.platform.engine.support.hierarchical.NodeTestTask.lambda$executeRecursively$8(NodeTestTask.java:141) ~[junit-platform-engine-1.9.2.jar:1.9.2]
	at org.junit.platform.engine.support.hierarchical.Node.around(Node.java:137) ~[junit-platform-engine-1.9.2.jar:1.9.2]
	at org.junit.platform.engine.support.hierarchical.NodeTestTask.lambda$executeRecursively$9(NodeTestTask.java:139) ~[junit-platform-engine-1.9.2.jar:1.9.2]
	at org.junit.platform.engine.support.hierarchical.ThrowableCollector.execute(ThrowableCollector.java:73) ~[junit-platform-engine-1.9.2.jar:1.9.2]
	at org.junit.platform.engine.support.hierarchical.NodeTestTask.executeRecursively(NodeTestTask.java:138) ~[junit-platform-engine-1.9.2.jar:1.9.2]
	at org.junit.platform.engine.support.hierarchical.NodeTestTask.execute(NodeTestTask.java:95) ~[junit-platform-engine-1.9.2.jar:1.9.2]
	at org.junit.platform.engine.support.hierarchical.SameThreadHierarchicalTestExecutorService.submit(SameThreadHierarchicalTestExecutorService.java:35) ~[junit-platform-engine-1.9.2.jar:1.9.2]
	at org.junit.platform.engine.support.hierarchical.HierarchicalTestExecutor.execute(HierarchicalTestExecutor.java:57) ~[junit-platform-engine-1.9.2.jar:1.9.2]
	at org.junit.platform.engine.support.hierarchical.HierarchicalTestEngine.execute(HierarchicalTestEngine.java:54) ~[junit-platform-engine-1.9.2.jar:1.9.2]
	at org.junit.platform.launcher.core.EngineExecutionOrchestrator.execute(EngineExecutionOrchestrator.java:107) ~[junit-platform-launcher-1.8.2.jar:1.8.2]
	at org.junit.platform.launcher.core.EngineExecutionOrchestrator.execute(EngineExecutionOrchestrator.java:88) ~[junit-platform-launcher-1.8.2.jar:1.8.2]
	at org.junit.platform.launcher.core.EngineExecutionOrchestrator.lambda$execute$0(EngineExecutionOrchestrator.java:54) ~[junit-platform-launcher-1.8.2.jar:1.8.2]
	at org.junit.platform.launcher.core.EngineExecutionOrchestrator.withInterceptedStreams(EngineExecutionOrchestrator.java:67) ~[junit-platform-launcher-1.8.2.jar:1.8.2]
	at org.junit.platform.launcher.core.EngineExecutionOrchestrator.execute(EngineExecutionOrchestrator.java:52) ~[junit-platform-launcher-1.8.2.jar:1.8.2]
	at org.junit.platform.launcher.core.DefaultLauncher.execute(DefaultLauncher.java:114) ~[junit-platform-launcher-1.8.2.jar:1.8.2]
	at org.junit.platform.launcher.core.DefaultLauncher.execute(DefaultLauncher.java:86) ~[junit-platform-launcher-1.8.2.jar:1.8.2]
	at org.junit.platform.launcher.core.DefaultLauncherSession$DelegatingLauncher.execute(DefaultLauncherSession.java:86) ~[junit-platform-launcher-1.8.2.jar:1.8.2]
	at org.gradle.api.internal.tasks.testing.junitplatform.JUnitPlatformTestClassProcessor$CollectAllTestClassesExecutor.processAllTestClasses(JUnitPlatformTestClassProcessor.java:110) ~[na:na]
	at org.gradle.api.internal.tasks.testing.junitplatform.JUnitPlatformTestClassProcessor$CollectAllTestClassesExecutor.access$000(JUnitPlatformTestClassProcessor.java:90) ~[na:na]
	at org.gradle.api.internal.tasks.testing.junitplatform.JUnitPlatformTestClassProcessor.stop(JUnitPlatformTestClassProcessor.java:85) ~[na:na]
	at org.gradle.api.internal.tasks.testing.SuiteTestClassProcessor.stop(SuiteTestClassProcessor.java:62) ~[na:na]
	at java.base/jdk.internal.reflect.DirectMethodHandleAccessor.invoke(DirectMethodHandleAccessor.java:104) ~[na:na]
	at java.base/java.lang.reflect.Method.invoke(Method.java:578) ~[na:na]
	at org.gradle.internal.dispatch.ReflectionDispatch.dispatch(ReflectionDispatch.java:36) ~[na:na]
	at org.gradle.internal.dispatch.ReflectionDispatch.dispatch(ReflectionDispatch.java:24) ~[na:na]
	at org.gradle.internal.dispatch.ContextClassLoaderDispatch.dispatch(ContextClassLoaderDispatch.java:33) ~[na:na]
	at org.gradle.internal.dispatch.ProxyDispatchAdapter$DispatchingInvocationHandler.invoke(ProxyDispatchAdapter.java:94) ~[na:na]
	at jdk.proxy1/jdk.proxy1.$Proxy2.stop(Unknown Source) ~[na:na]
	at org.gradle.api.internal.tasks.testing.worker.TestWorker$3.run(TestWorker.java:193) ~[na:na]
	at org.gradle.api.internal.tasks.testing.worker.TestWorker.executeAndMaintainThreadName(TestWorker.java:129) ~[na:na]
	at org.gradle.api.internal.tasks.testing.worker.TestWorker.execute(TestWorker.java:100) ~[na:na]
	at org.gradle.api.internal.tasks.testing.worker.TestWorker.execute(TestWorker.java:60) ~[na:na]
	at org.gradle.process.internal.worker.child.ActionExecutionWorker.execute(ActionExecutionWorker.java:56) ~[na:na]
	at org.gradle.process.internal.worker.child.SystemApplicationClassLoaderWorker.call(SystemApplicationClassLoaderWorker.java:113) ~[na:na]
	at org.gradle.process.internal.worker.child.SystemApplicationClassLoaderWorker.call(SystemApplicationClassLoaderWorker.java:65) ~[na:na]
	at worker.org.gradle.process.internal.worker.GradleWorkerMain.run(GradleWorkerMain.java:69) ~[gradle-worker.jar:na]
	at worker.org.gradle.process.internal.worker.GradleWorkerMain.main(GradleWorkerMain.java:74) ~[gradle-worker.jar:na]

2023-03-18T13:52:51.138+09:00 DEBUG 85348 --- [    Test worker] o.s.orm.jpa.JpaTransactionManager        : Initiating transaction rollback
2023-03-18T13:52:51.138+09:00 DEBUG 85348 --- [    Test worker] o.s.orm.jpa.JpaTransactionManager        : Rolling back JPA transaction on EntityManager [SessionImpl(893038039&lt;open&gt;)]
2023-03-18T13:52:51.138+09:00 DEBUG 85348 --- [    Test worker] o.h.e.t.internal.TransactionImpl         : rolling back
2023-03-18T13:52:51.139+09:00 DEBUG 85348 --- [    Test worker] o.s.orm.jpa.JpaTransactionManager        : Closing JPA EntityManager [SessionImpl(893038039&lt;open&gt;)] after transaction
2023-03-18T13:52:51.141+09:00 DEBUG 85348 --- [    Test worker] c.e.f.s.implementation.UserServiceImpl   : type of exception is class org.springframework.dao.DataIntegrityViolationException
2023-03-18T13:52:51.141+09:00 DEBUG 85348 --- [    Test worker] c.e.f.s.implementation.UserServiceImpl   : DataIntegrityViolationException message: could not execute statement; SQL [n/a]; constraint [&quot;PUBLIC.CONSTRAINT_INDEX_4D ON PUBLIC.USERS(AUTHENTICATION_PROVIDER NULLS FIRST, REGISTRATION_ID NULLS FIRST) VALUES ( /* key:8 */ 'GOOGLE', '12312412412')&quot;; SQL statement:
insert into users (user_id, authentication_provider, email, password, registration_id, role) values (default, ?, ?, ?, ?, ?) [23505-214]]
2023-03-18T13:52:51.141+09:00 DEBUG 85348 --- [    Test worker] org.springframework.test.context.cache   : Spring test ApplicationContext cache statistics: [DefaultContextCache@5623fd90 size = 2, maxSize = 32, parentContextCount = 0, hitCount = 144, missCount = 2]
2023-03-18T13:52:51.141+09:00 DEBUG 85348 --- [    Test worker] o.s.orm.jpa.JpaTransactionManager        : Creating new transaction with name [org.springframework.data.jpa.repository.support.SimpleJpaRepository.deleteAll]: PROPAGATION_REQUIRED,ISOLATION_DEFAULT
2023-03-18T13:52:51.141+09:00 DEBUG 85348 --- [    Test worker] o.s.orm.jpa.JpaTransactionManager        : Opened new EntityManager [SessionImpl(202997574&lt;open&gt;)] for JPA transaction
2023-03-18T13:52:51.141+09:00 DEBUG 85348 --- [    Test worker] o.h.e.t.internal.TransactionImpl         : On TransactionImpl creation, JpaCompliance#isJpaTransactionComplianceEnabled == false
2023-03-18T13:52:51.141+09:00 DEBUG 85348 --- [    Test worker] o.h.e.t.internal.TransactionImpl         : begin
2023-03-18T13:52:51.142+09:00 DEBUG 85348 --- [    Test worker] o.s.orm.jpa.JpaTransactionManager        : Exposing JPA transaction as JDBC [org.springframework.orm.jpa.vendor.HibernateJpaDialect$HibernateConnectionHandle@4c5d934b]
2023-03-18T13:52:51.142+09:00 DEBUG 85348 --- [    Test worker] org.hibernate.orm.sql.ast.create         : Created new SQL alias : a1_0
2023-03-18T13:52:51.142+09:00 DEBUG 85348 --- [    Test worker] org.hibernate.orm.sql.ast.create         : Registration of TableGroup [StandardTableGroup(com.example.flowerplatform.repository.entity.AppUser.AppUser(5302857550333))] with identifierForTableGroup [com.example.flowerplatform.repository.entity.AppUser.AppUser] for NavigablePath [com.example.flowerplatform.repository.entity.AppUser.AppUser] 
2023-03-18T13:52:51.142+09:00 DEBUG 85348 --- [    Test worker] org.hibernate.orm.results.graph.AST      : DomainResult Graph:
 \-EntityResultImpl [com.example.flowerplatform.repository.entity.AppUser.AppUser(5302857550333)]
 |  +-BasicFetch [com.example.flowerplatform.repository.entity.AppUser.AppUser(5302857550333).authenticationProvider]
 |  +-BasicFetch [com.example.flowerplatform.repository.entity.AppUser.AppUser(5302857550333).email]
 |  +-BasicFetch [com.example.flowerplatform.repository.entity.AppUser.AppUser(5302857550333).password]
 |  +-BasicFetch [com.example.flowerplatform.repository.entity.AppUser.AppUser(5302857550333).registrationId]
 |  \-BasicFetch [com.example.flowerplatform.repository.entity.AppUser.AppUser(5302857550333).role]

2023-03-18T13:52:51.142+09:00 DEBUG 85348 --- [    Test worker] org.hibernate.orm.sql.ast.tree           : SQL AST Tree:
    SelectStatement {
      FromClause {
        StandardTableGroup (a1 : com.example.flowerplatform.repository.entity.AppUser.AppUser(5302857550333)) {
          primaryTableReference : users as a1_0
        }
      }
    }

2023-03-18T13:52:51.142+09:00 DEBUG 85348 --- [    Test worker] org.hibernate.orm.sql.exec               : Skipping reading Query result cache data: cache-enabled = false, cache-mode = NORMAL
2023-03-18T13:52:51.142+09:00 DEBUG 85348 --- [    Test worker] org.hibernate.orm.results                : Initializer list
2023-03-18T13:52:51.142+09:00 DEBUG 85348 --- [    Test worker] org.hibernate.orm.results                :     com.example.flowerplatform.repository.entity.AppUser.AppUser(5302857550333) -&gt; EntityResultInitializer(com.example.flowerplatform.repository.entity.AppUser.AppUser(5302857550333))@61089296 (SingleTableEntityPersister(com.example.flowerplatform.repository.entity.AppUser.AppUser))
2023-03-18T13:52:51.142+09:00 DEBUG 85348 --- [    Test worker] org.hibernate.SQL                        : 
    select
        a1_0.user_id,
        a1_0.authentication_provider,
        a1_0.email,
        a1_0.password,
        a1_0.registration_id,
        a1_0.role 
    from
        users a1_0
Hibernate: 
    select
        a1_0.user_id,
        a1_0.authentication_provider,
        a1_0.email,
        a1_0.password,
        a1_0.registration_id,
        a1_0.role 
    from
        users a1_0
2023-03-18T13:52:51.143+09:00 DEBUG 85348 --- [    Test worker] org.hibernate.orm.results                : Extracted JDBC value [0] - [8]
2023-03-18T13:52:51.143+09:00 DEBUG 85348 --- [    Test worker] o.hibernate.orm.results.loading.entity   : (EntityResultInitializer) Hydrated EntityKey (com.example.flowerplatform.repository.entity.AppUser.AppUser(5302857550333)): 8
2023-03-18T13:52:51.143+09:00 DEBUG 85348 --- [    Test worker] o.hibernate.orm.results.loading.entity   : (EntityResultInitializer) Created new entity instance [com.example.flowerplatform.repository.entity.AppUser.AppUser(5302857550333)#8] : AppUser(id=8, email=null, password=null, role=REGISTRATION_NOT_COMPLETE_USER, authenticationProvider=null, registrationId=null)
2023-03-18T13:52:51.143+09:00 DEBUG 85348 --- [    Test worker] org.hibernate.orm.results                : Extracted JDBC value [1] - [GOOGLE]
2023-03-18T13:52:51.143+09:00 DEBUG 85348 --- [    Test worker] org.hibernate.orm.results                : Extracted JDBC value [2] - [null]
2023-03-18T13:52:51.143+09:00 DEBUG 85348 --- [    Test worker] org.hibernate.orm.results                : Extracted JDBC value [3] - [null]
2023-03-18T13:52:51.143+09:00 DEBUG 85348 --- [    Test worker] org.hibernate.orm.results                : Extracted JDBC value [4] - [12312412412]
2023-03-18T13:52:51.143+09:00 DEBUG 85348 --- [    Test worker] org.hibernate.orm.results                : Extracted JDBC value [5] - [USER]
2023-03-18T13:52:51.143+09:00 DEBUG 85348 --- [    Test worker] o.hibernate.orm.results.loading.entity   : (EntityResultInitializer) Done materializing entityInstance : com.example.flowerplatform.repository.entity.AppUser.AppUser(5302857550333)#8
2023-03-18T13:52:51.143+09:00 DEBUG 85348 --- [    Test worker] org.hibernate.orm.results.loading        : Calling top-level assembler (0 / 1) : org.hibernate.sql.results.graph.entity.internal.EntityAssembler@2be9425f
2023-03-18T13:52:51.143+09:00 DEBUG 85348 --- [    Test worker] o.h.j.internal.PersistenceUnitUtilImpl   : jakarta.persistence.PersistenceUnitUtil.getIdentifier is only intended to work with enhanced entities (although Hibernate also adapts this support to its proxies); however the passed entity was not enhanced (nor a proxy).. may not be able to read identifier
2023-03-18T13:52:51.143+09:00 DEBUG 85348 --- [    Test worker] o.h.j.internal.PersistenceUnitUtilImpl   : jakarta.persistence.PersistenceUnitUtil.getIdentifier is only intended to work with enhanced entities (although Hibernate also adapts this support to its proxies); however the passed entity was not enhanced (nor a proxy).. may not be able to read identifier
2023-03-18T13:52:51.143+09:00 DEBUG 85348 --- [    Test worker] o.s.orm.jpa.JpaTransactionManager        : Initiating transaction commit
2023-03-18T13:52:51.143+09:00 DEBUG 85348 --- [    Test worker] o.s.orm.jpa.JpaTransactionManager        : Committing JPA transaction on EntityManager [SessionImpl(202997574&lt;open&gt;)]
2023-03-18T13:52:51.143+09:00 DEBUG 85348 --- [    Test worker] o.h.e.t.internal.TransactionImpl         : committing
2023-03-18T13:52:51.143+09:00 DEBUG 85348 --- [    Test worker] o.h.e.i.AbstractFlushingEventListener    : Processing flush-time cascades
2023-03-18T13:52:51.143+09:00 DEBUG 85348 --- [    Test worker] o.h.e.i.AbstractFlushingEventListener    : Dirty checking collections
2023-03-18T13:52:51.143+09:00 DEBUG 85348 --- [    Test worker] o.h.e.i.AbstractFlushingEventListener    : Flushed: 0 insertions, 0 updates, 1 deletions to 1 objects
2023-03-18T13:52:51.143+09:00 DEBUG 85348 --- [    Test worker] o.h.e.i.AbstractFlushingEventListener    : Flushed: 0 (re)creations, 0 updates, 0 removals to 0 collections
2023-03-18T13:52:51.143+09:00 DEBUG 85348 --- [    Test worker] o.hibernate.internal.util.EntityPrinter  : Listing entities:
2023-03-18T13:52:51.143+09:00 DEBUG 85348 --- [    Test worker] o.hibernate.internal.util.EntityPrinter  : com.example.flowerplatform.repository.entity.AppUser.AppUser{authenticationProvider=GOOGLE, password=null, role=USER, registrationId=12312412412, id=8, email=null}
2023-03-18T13:52:51.143+09:00 DEBUG 85348 --- [    Test worker] org.hibernate.SQL                        : 
    delete 
    from
        users 
    where
        user_id=?
Hibernate: 
    delete 
    from
        users 
    where
        user_id=?
2023-03-18T13:52:51.144+09:00 DEBUG 85348 --- [    Test worker] o.s.orm.jpa.JpaTransactionManager        : Closing JPA EntityManager [SessionImpl(202997574&lt;open&gt;)] after transaction
2023-03-18T13:52:51.144+09:00 DEBUG 85348 --- [    Test worker] o.h.e.jdbc.internal.JdbcCoordinatorImpl  : HHH000420: Closing un-released batch
2023-03-18T13:52:51.144+09:00 DEBUG 85348 --- [    Test worker] org.springframework.test.context.cache   : Spring test ApplicationContext cache statistics: [DefaultContextCache@5623fd90 size = 2, maxSize = 32, parentContextCount = 0, hitCount = 145, missCount = 2]
2023-03-18T13:52:51.145+09:00 DEBUG 85348 --- [    Test worker] org.springframework.test.context.cache   : Spring test ApplicationContext cache statistics: [DefaultContextCache@5623fd90 size = 2, maxSize = 32, parentContextCount = 0, hitCount = 146, missCount = 2]
2023-03-18T13:52:51.145+09:00 DEBUG 85348 --- [    Test worker] org.springframework.test.context.cache   : Spring test ApplicationContext cache statistics: [DefaultContextCache@5623fd90 size = 2, maxSize = 32, parentContextCount = 0, hitCount = 147, missCount = 2]
2023-03-18T13:52:51.145+09:00 DEBUG 85348 --- [    Test worker] org.springframework.test.context.cache   : Spring test ApplicationContext cache statistics: [DefaultContextCache@5623fd90 size = 2, maxSize = 32, parentContextCount = 0, hitCount = 148, missCount = 2]
2023-03-18T13:52:51.145+09:00 DEBUG 85348 --- [    Test worker] org.springframework.test.context.cache   : Spring test ApplicationContext cache statistics: [DefaultContextCache@5623fd90 size = 2, maxSize = 32, parentContextCount = 0, hitCount = 149, missCount = 2]
2023-03-18T13:52:51.145+09:00 DEBUG 85348 --- [    Test worker] org.springframework.test.context.cache   : Spring test ApplicationContext cache statistics: [DefaultContextCache@5623fd90 size = 2, maxSize = 32, parentContextCount = 0, hitCount = 150, missCount = 2]
2023-03-18T13:52:51.146+09:00 DEBUG 85348 --- [    Test worker] tractDirtiesContextTestExecutionListener : After test method: class [UserServiceImplTest], method [saveDuplicateUserTest], class annotated with @DirtiesContext [false] with mode [null], method annotated with @DirtiesContext [false] with mode [null]
2023-03-18T13:52:51.146+09:00 DEBUG 85348 --- [    Test worker] o.s.t.c.w.ServletTestExecutionListener   : Resetting RequestContextHolder for test class com.example.flowerplatform.integrationTest.UserServiceImplTest
2023-03-18T13:52:51.146+09:00 DEBUG 85348 --- [    Test worker] org.springframework.test.context.cache   : Spring test ApplicationContext cache statistics: [DefaultContextCache@5623fd90 size = 2, maxSize = 32, parentContextCount = 0, hitCount = 151, missCount = 2]
2023-03-18T13:52:51.146+09:00 DEBUG 85348 --- [    Test worker] tractDirtiesContextTestExecutionListener : After test class: class [UserServiceImplTest], class annotated with @DirtiesContext [false] with mode [null]
</pre>
</span>
</div>
</div>
<div id="footer">
<p>
<div>
<label class="hidden" id="label-for-line-wrapping-toggle" for="line-wrapping-toggle">Wrap lines
<input id="line-wrapping-toggle" type="checkbox" autocomplete="off"/>
</label>
</div>Generated by 
<a href="http://www.gradle.org">Gradle 8.0.2</a> at 2023. 3. 18.  1:52:53</p>
</div>
</div>
</body>
</html>
